Watching for file changes with StatReloader
Waiting for apps ready_event.
Apps ready_event triggered. Sending autoreload_started signal.
Watching dir /Users/quanle/PythonWeb/mysite/GmoPanel/locale with glob **/*.mo.
Watching dir /Users/quanle/PythonWeb/mysite/env/lib/python3.6/site-packages/django/contrib/admin/locale with glob **/*.mo.
Watching dir /Users/quanle/PythonWeb/mysite/env/lib/python3.6/site-packages/django/contrib/auth/locale with glob **/*.mo.
Watching dir /Users/quanle/PythonWeb/mysite/env/lib/python3.6/site-packages/django/contrib/contenttypes/locale with glob **/*.mo.
Watching dir /Users/quanle/PythonWeb/mysite/env/lib/python3.6/site-packages/django/contrib/sessions/locale with glob **/*.mo.
Watching dir /Users/quanle/PythonWeb/mysite/env/lib/python3.6/site-packages/django/contrib/messages/locale with glob **/*.mo.
Watching dir /Users/quanle/PythonWeb/mysite/env/lib/python3.6/site-packages/django/contrib/staticfiles/locale with glob **/*.mo.
Watching dir /Users/quanle/PythonWeb/mysite/GmoPanel/loginSys/locale with glob **/*.mo.
Watching dir /Users/quanle/PythonWeb/mysite/GmoPanel/websiteManager/locale with glob **/*.mo.
(0.001) QUERY = 'SELECT "django_migrations"."app", "django_migrations"."name" FROM "django_migrations"' - PARAMS = (); args=()
File /Library/Frameworks/Python.framework/Versions/3.6/lib/python3.6/abc.py first seen with mtime 1545635094.0
File /Library/Frameworks/Python.framework/Versions/3.6/lib/python3.6/selectors.py first seen with mtime 1545635094.0
File /Users/quanle/PythonWeb/mysite/env/lib/python3.6/site-packages/validators/ip_address.py first seen with mtime 1583211295.660278
File /Users/quanle/PythonWeb/mysite/env/lib/python3.6/site-packages/django/utils/ipv6.py first seen with mtime 1582787716.268468
File /Users/quanle/PythonWeb/mysite/env/lib/python3.6/site-packages/djongo/database.py first seen with mtime 1582787721.553699
File /Users/quanle/PythonWeb/mysite/env/lib/python3.6/site-packages/django/apps/config.py first seen with mtime 1582787714.971942
File /Users/quanle/PythonWeb/mysite/env/lib/python3.6/site-packages/pymongo/monitor.py first seen with mtime 1582787713.195227
File /Library/Frameworks/Python.framework/Versions/3.6/lib/python3.6/email/utils.py first seen with mtime 1545635096.0
File /Users/quanle/PythonWeb/mysite/env/lib/python3.6/site-packages/django/utils/_os.py first seen with mtime 1582787716.260669
File /Library/Frameworks/Python.framework/Versions/3.6/lib/python3.6/sre_compile.py first seen with mtime 1545635094.0
File /Users/quanle/PythonWeb/mysite/env/lib/python3.6/site-packages/validators/email.py first seen with mtime 1583211295.658729
File /Users/quanle/PythonWeb/mysite/GmoPanel/websiteManager/views.py first seen with mtime 1583211764.962015
File /Users/quanle/PythonWeb/mysite/env/lib/python3.6/site-packages/django/contrib/auth/checks.py first seen with mtime 1582787715.417567
File /Users/quanle/PythonWeb/mysite/env/lib/python3.6/site-packages/validators/hashes.py first seen with mtime 1583211295.659413
File /Users/quanle/PythonWeb/mysite/env/lib/python3.6/site-packages/pymongo/periodic_executor.py first seen with mtime 1582787713.197146
File /Library/Frameworks/Python.framework/Versions/3.6/lib/python3.6/traceback.py first seen with mtime 1545635094.0
File /Library/Frameworks/Python.framework/Versions/3.6/lib/python3.6/shutil.py first seen with mtime 1545635094.0
File /Users/quanle/PythonWeb/mysite/env/lib/python3.6/site-packages/django/db/models/functions/window.py first seen with mtime 1582787716.214316
File /Users/quanle/PythonWeb/mysite/env/lib/python3.6/site-packages/psutil/_psposix.py first seen with mtime 1583114834.360346
File /Users/quanle/PythonWeb/mysite/env/lib/python3.6/site-packages/django/core/checks/security/base.py first seen with mtime 1582787716.149717
File /Library/Frameworks/Python.framework/Versions/3.6/lib/python3.6/ipaddress.py first seen with mtime 1545635094.0
File /Users/quanle/PythonWeb/mysite/env/lib/python3.6/site-packages/django/utils/itercompat.py first seen with mtime 1582787716.268742
File /Library/Frameworks/Python.framework/Versions/3.6/lib/python3.6/getpass.py first seen with mtime 1545635094.0
File /Users/quanle/PythonWeb/mysite/env/lib/python3.6/site-packages/sqlparse/engine/__init__.py first seen with mtime 1582787713.093904
File /Library/Frameworks/Python.framework/Versions/3.6/lib/python3.6/distutils/__init__.py first seen with mtime 1545635097.0
File /Users/quanle/PythonWeb/mysite/env/lib/python3.6/site-packages/django/views/generic/edit.py first seen with mtime 1582787716.283039
File /Library/Frameworks/Python.framework/Versions/3.6/lib/python3.6/hashlib.py first seen with mtime 1545635094.0
File /Users/quanle/PythonWeb/mysite/env/lib/python3.6/site-packages/bson/_cbson.cpython-36m-darwin.so first seen with mtime 1582787713.176616
File /Users/quanle/PythonWeb/mysite/env/lib/python3.6/site-packages/django/http/multipartparser.py first seen with mtime 1582787716.240334
File /Library/Frameworks/Python.framework/Versions/3.6/lib/python3.6/_bootlocale.py first seen with mtime 1545635094.0
File /Users/quanle/PythonWeb/mysite/env/lib/python3.6/site-packages/django/contrib/auth/validators.py first seen with mtime 1582787715.42211
File /Library/Frameworks/Python.framework/Versions/3.6/lib/python3.6/encodings/utf_8.py first seen with mtime 1545635096.0
File /Users/quanle/PythonWeb/mysite/env/lib/python3.6/site-packages/pymongo/read_preferences.py first seen with mtime 1582787713.198262
File /Users/quanle/PythonWeb/mysite/env/lib/python3.6/site-packages/django/core/wsgi.py first seen with mtime 1582787716.142416
File /Users/quanle/PythonWeb/mysite/env/lib/python3.6/site-packages/django/db/backends/base/client.py first seen with mtime 1582787716.175575
File /Users/quanle/PythonWeb/mysite/env/lib/python3.6/site-packages/django/template/backends/__init__.py first seen with mtime 1582787716.249358
File /Library/Frameworks/Python.framework/Versions/3.6/lib/python3.6/lib-dynload/fcntl.cpython-36m-darwin.so first seen with mtime 1545635077.0
File /Users/quanle/PythonWeb/mysite/env/lib/python3.6/site-packages/psutil/_psutil_osx.cpython-36m-darwin.so first seen with mtime 1583114834.361483
File /Library/Frameworks/Python.framework/Versions/3.6/lib/python3.6/operator.py first seen with mtime 1545635094.0
File /Users/quanle/PythonWeb/mysite/env/lib/python3.6/site-packages/django/utils/dates.py first seen with mtime 1582787716.263857
File /Users/quanle/PythonWeb/mysite/env/lib/python3.6/site-packages/django/db/migrations/__init__.py first seen with mtime 1582787716.195491
File /Users/quanle/PythonWeb/mysite/env/lib/python3.6/site-packages/django/template/utils.py first seen with mtime 1582787716.249125
File /Library/Frameworks/Python.framework/Versions/3.6/lib/python3.6/cgi.py first seen with mtime 1545635094.0
File /Users/quanle/PythonWeb/mysite/env/lib/python3.6/site-packages/django/apps/__init__.py first seen with mtime 1582787714.971596
File /Users/quanle/PythonWeb/mysite/env/lib/python3.6/site-packages/django/contrib/auth/management/__init__.py first seen with mtime 1582787715.496212
File /Users/quanle/PythonWeb/mysite/env/lib/python3.6/site-packages/django/db/backends/base/base.py first seen with mtime 1582787716.175282
File /Users/quanle/PythonWeb/mysite/env/lib/python3.6/site-packages/django/utils/functional.py first seen with mtime 1582787716.266821
File /Users/quanle/PythonWeb/mysite/env/lib/python3.6/site-packages/decorator.py first seen with mtime 1583211295.63859
File /Users/quanle/PythonWeb/mysite/env/lib/python3.6/site-packages/django/core/__init__.py first seen with mtime 1582787716.140422
File /Library/Frameworks/Python.framework/Versions/3.6/lib/python3.6/pprint.py first seen with mtime 1545635094.0
File /Library/Frameworks/Python.framework/Versions/3.6/lib/python3.6/lib-dynload/unicodedata.cpython-36m-darwin.so first seen with mtime 1545635077.0
File /Library/Frameworks/Python.framework/Versions/3.6/lib/python3.6/stat.py first seen with mtime 1545635094.0
File /Library/Frameworks/Python.framework/Versions/3.6/lib/python3.6/datetime.py first seen with mtime 1545635094.0
File /Users/quanle/PythonWeb/mysite/env/lib/python3.6/site-packages/django/core/files/base.py first seen with mtime 1582787716.150992
File /Users/quanle/PythonWeb/mysite/env/lib/python3.6/site-packages/django/contrib/admin/sites.py first seen with mtime 1582787715.123929
File /Library/Frameworks/Python.framework/Versions/3.6/lib/python3.6/socket.py first seen with mtime 1545635094.0
File /Users/quanle/PythonWeb/mysite/env/lib/python3.6/site-packages/django/template/__init__.py first seen with mtime 1582787716.244266
File /Users/quanle/PythonWeb/mysite/env/lib/python3.6/site-packages/pymongo/read_concern.py first seen with mtime 1582787713.197936
File /Users/quanle/PythonWeb/mysite/env/lib/python3.6/site-packages/djongo/base.py first seen with mtime 1582787721.552264
File /Users/quanle/PythonWeb/mysite/env/lib/python3.6/site-packages/bson/regex.py first seen with mtime 1582787713.181309
File /Library/Frameworks/Python.framework/Versions/3.6/lib/python3.6/email/__init__.py first seen with mtime 1545635096.0
File /Library/Frameworks/Python.framework/Versions/3.6/lib/python3.6/numbers.py first seen with mtime 1545635094.0
File /Library/Frameworks/Python.framework/Versions/3.6/lib/python3.6/lib-dynload/binascii.cpython-36m-darwin.so first seen with mtime 1545635083.0
File /Users/quanle/PythonWeb/mysite/env/lib/python3.6/site-packages/django/contrib/messages/api.py first seen with mtime 1582787715.837806
File /Library/Frameworks/Python.framework/Versions/3.6/lib/python3.6/base64.py first seen with mtime 1545635094.0
File /Users/quanle/PythonWeb/mysite/env/lib/python3.6/site-packages/django/db/models/deletion.py first seen with mtime 1582787716.204744
File /Library/Frameworks/Python.framework/Versions/3.6/lib/python3.6/wsgiref/handlers.py first seen with mtime 1545635096.0
File /Library/Frameworks/Python.framework/Versions/3.6/lib/python3.6/types.py first seen with mtime 1545635094.0
File /Users/quanle/PythonWeb/mysite/env/lib/python3.6/site-packages/django/contrib/contenttypes/checks.py first seen with mtime 1582787715.502533
File /Users/quanle/PythonWeb/mysite/GmoPanel/loginSys/urls.py first seen with mtime 1583131771.422708
File /Users/quanle/PythonWeb/mysite/env/lib/python3.6/site-packages/django/contrib/admin/actions.py first seen with mtime 1582787715.119329
File /Users/quanle/PythonWeb/mysite/env/lib/python3.6/site-packages/django/views/generic/base.py first seen with mtime 1582787716.28199
File /Users/quanle/PythonWeb/mysite/env/lib/python3.6/site-packages/pymongo/collation.py first seen with mtime 1582787713.187223
File /Users/quanle/PythonWeb/mysite/env/lib/python3.6/site-packages/django/utils/formats.py first seen with mtime 1582787716.26646
File /Library/Frameworks/Python.framework/Versions/3.6/lib/python3.6/json/decoder.py first seen with mtime 1545635096.0
File /Library/Frameworks/Python.framework/Versions/3.6/lib/python3.6/ntpath.py first seen with mtime 1545635094.0
File /Users/quanle/PythonWeb/mysite/env/lib/python3.6/site-packages/django/core/checks/templates.py first seen with mtime 1582787716.147952
File /Users/quanle/PythonWeb/mysite/env/lib/python3.6/site-packages/django/core/checks/messages.py first seen with mtime 1582787716.146891
File /Library/Frameworks/Python.framework/Versions/3.6/lib/python3.6/keyword.py first seen with mtime 1545635094.0
File /Library/Frameworks/Python.framework/Versions/3.6/lib/python3.6/weakref.py first seen with mtime 1545635094.0
File /Users/quanle/PythonWeb/mysite/env/lib/python3.6/site-packages/django/middleware/cache.py first seen with mtime 1582787716.241669
File /Users/quanle/PythonWeb/mysite/env/lib/python3.6/site-packages/django/core/paginator.py first seen with mtime 1582787716.141061
File /Users/quanle/PythonWeb/mysite/env/lib/python3.6/site-packages/django/contrib/auth/tokens.py first seen with mtime 1582787715.421482
File /Users/quanle/PythonWeb/mysite/env/lib/python3.6/site-packages/django/db/models/utils.py first seen with mtime 1582787716.208469
File /Library/Frameworks/Python.framework/Versions/3.6/lib/python3.6/email/_encoded_words.py first seen with mtime 1545635096.0
File /Users/quanle/PythonWeb/mysite/env/lib/python3.6/site-packages/djongo/sql2mongo/__init__.py first seen with mtime 1582787721.568133
File /Library/Frameworks/Python.framework/Versions/3.6/lib/python3.6/urllib/request.py first seen with mtime 1545635096.0
File /Users/quanle/PythonWeb/mysite/env/lib/python3.6/site-packages/django/core/serializers/python.py first seen with mtime 1582787716.170639
File /Users/quanle/PythonWeb/mysite/env/lib/python3.6/site-packages/django/db/backends/base/creation.py first seen with mtime 1582787716.175897
File /Library/Frameworks/Python.framework/Versions/3.6/lib/python3.6/email/mime/text.py first seen with mtime 1545635096.0
File /Library/Frameworks/Python.framework/Versions/3.6/lib/python3.6/pathlib.py first seen with mtime 1545635094.0
File /Users/quanle/PythonWeb/mysite/env/lib/python3.6/site-packages/pymongo/ssl_support.py first seen with mtime 1582787713.202464
File /Users/quanle/PythonWeb/mysite/env/lib/python3.6/site-packages/django/utils/module_loading.py first seen with mtime 1582787716.270576
File /Users/quanle/PythonWeb/mysite/env/lib/python3.6/site-packages/django/contrib/auth/signals.py first seen with mtime 1582787715.421158
File /Users/quanle/PythonWeb/mysite/env/lib/python3.6/site-packages/django/utils/crypto.py first seen with mtime 1582787716.26246
File /Library/Frameworks/Python.framework/Versions/3.6/lib/python3.6/os.py first seen with mtime 1545635094.0
File /Library/Frameworks/Python.framework/Versions/3.6/lib/python3.6/codecs.py first seen with mtime 1545635094.0
File /Users/quanle/PythonWeb/mysite/env/lib/python3.6/site-packages/django/template/context.py first seen with mtime 1582787716.245053
File /Users/quanle/PythonWeb/mysite/env/lib/python3.6/site-packages/django/core/checks/security/sessions.py first seen with mtime 1582787716.150386
File /Library/Frameworks/Python.framework/Versions/3.6/lib/python3.6/http/cookies.py first seen with mtime 1545635096.0
File /Users/quanle/PythonWeb/mysite/env/lib/python3.6/site-packages/django/http/__init__.py first seen with mtime 1582787716.239547
File /Users/quanle/PythonWeb/mysite/env/lib/python3.6/site-packages/bson/son.py first seen with mtime 1582787713.181759
File /Users/quanle/PythonWeb/mysite/env/lib/python3.6/site-packages/pymongo/ismaster.py first seen with mtime 1582787713.193046
File /Users/quanle/PythonWeb/mysite/env/lib/python3.6/site-packages/django/views/static.py first seen with mtime 1582787716.278793
File /Users/quanle/PythonWeb/mysite/env/lib/python3.6/site-packages/bson/raw_bson.py first seen with mtime 1582787713.180993
File /Library/Frameworks/Python.framework/Versions/3.6/lib/python3.6/logging/__init__.py first seen with mtime 1545635096.0
File /Users/quanle/PythonWeb/mysite/env/lib/python3.6/site-packages/django/views/decorators/__init__.py first seen with mtime 1582787716.27904
File /Users/quanle/PythonWeb/mysite/GmoPanel/GmoPanel/__init__.py first seen with mtime 1582857116.6345048
File /Users/quanle/PythonWeb/mysite/env/lib/python3.6/site-packages/django/db/models/functions/datetime.py first seen with mtime 1582787716.212816
File /Users/quanle/PythonWeb/mysite/env/lib/python3.6/site-packages/pymongo/operations.py first seen with mtime 1582787713.196804
File /Library/Frameworks/Python.framework/Versions/3.6/lib/python3.6/__future__.py first seen with mtime 1545635094.0
File /Users/quanle/PythonWeb/mysite/env/lib/python3.6/site-packages/djongo/sql2mongo/converters.py first seen with mtime 1582787721.569177
File /Library/Frameworks/Python.framework/Versions/3.6/lib/python3.6/json/encoder.py first seen with mtime 1545635096.0
File /Library/Frameworks/Python.framework/Versions/3.6/lib/python3.6/plistlib.py first seen with mtime 1545635094.0
File /Users/quanle/PythonWeb/mysite/env/lib/python3.6/site-packages/django/template/exceptions.py first seen with mtime 1582787716.247014
File /Users/quanle/PythonWeb/mysite/env/lib/python3.6/site-packages/pymongo/server_type.py first seen with mtime 1582787713.200527
File /Users/quanle/PythonWeb/mysite/env/lib/python3.6/site-packages/django/db/migrations/operations/fields.py first seen with mtime 1582787716.201432
File /Library/Frameworks/Python.framework/Versions/3.6/lib/python3.6/site.py first seen with mtime 1545635094.0
File /Users/quanle/PythonWeb/mysite/env/lib/python3.6/site-packages/pymongo/topology.py first seen with mtime 1582787713.203159
File /Users/quanle/PythonWeb/mysite/env/lib/python3.6/site-packages/pytz/exceptions.py first seen with mtime 1582699928.774331
File /Users/quanle/PythonWeb/mysite/env/lib/python3.6/site-packages/django/core/files/storage.py first seen with mtime 1582787716.152332
File /Library/Frameworks/Python.framework/Versions/3.6/lib/python3.6/lib-dynload/_opcode.cpython-36m-darwin.so first seen with mtime 1545635077.0
File /Users/quanle/PythonWeb/mysite/env/lib/python3.6/site-packages/django/db/models/query.py first seen with mtime 1582787716.207514
File /Users/quanle/PythonWeb/mysite/env/lib/python3.6/site-packages/django/middleware/__init__.py first seen with mtime 1582787716.241357
File /Users/quanle/PythonWeb/mysite/env/lib/python3.6/site-packages/django/core/checks/database.py first seen with mtime 1582787716.146606
File /Users/quanle/PythonWeb/mysite/env/lib/python3.6/site-packages/bson/timestamp.py first seen with mtime 1582787713.182087
File /Users/quanle/PythonWeb/mysite/env/lib/python3.6/site-packages/django/contrib/admin/templatetags/admin_urls.py first seen with mtime 1582787715.338916
File /Users/quanle/PythonWeb/mysite/env/lib/python3.6/site-packages/django/http/response.py first seen with mtime 1582787716.241113
File /Users/quanle/PythonWeb/mysite/env/lib/python3.6/site-packages/django/db/models/options.py first seen with mtime 1582787716.206786
File /Users/quanle/PythonWeb/mysite/env/lib/python3.6/site-packages/djongo/operations.py first seen with mtime 1582787721.554843
File /Users/quanle/PythonWeb/mysite/env/lib/python3.6/site-packages/django/db/models/fields/related.py first seen with mtime 1582787716.210682
File /Library/Frameworks/Python.framework/Versions/3.6/lib/python3.6/argparse.py first seen with mtime 1545635094.0
File /Users/quanle/PythonWeb/mysite/env/lib/python3.6/site-packages/django/utils/regex_helper.py first seen with mtime 1582787716.271379
File /Users/quanle/PythonWeb/mysite/env/lib/python3.6/site-packages/django/contrib/staticfiles/checks.py first seen with mtime 1582787716.135011
File /Library/Frameworks/Python.framework/Versions/3.6/lib/python3.6/email/base64mime.py first seen with mtime 1545635096.0
File /Library/Frameworks/Python.framework/Versions/3.6/lib/python3.6/io.py first seen with mtime 1545635094.0
File /Users/quanle/PythonWeb/mysite/env/lib/python3.6/site-packages/django/db/models/functions/math.py first seen with mtime 1582787716.213136
File /Users/quanle/PythonWeb/mysite/env/lib/python3.6/site-packages/django/template/response.py first seen with mtime 1582787716.248327
File /Users/quanle/PythonWeb/mysite/env/lib/python3.6/site-packages/django/views/debug.py first seen with mtime 1582787716.2777
File /Users/quanle/PythonWeb/mysite/env/lib/python3.6/site-packages/django/db/models/functions/comparison.py first seen with mtime 1582787716.212483
File /Library/Frameworks/Python.framework/Versions/3.6/lib/python3.6/pickle.py first seen with mtime 1545635094.0
File /Users/quanle/PythonWeb/mysite/env/lib/python3.6/site-packages/django/db/models/fields/mixins.py first seen with mtime 1582787716.209731
File /Users/quanle/PythonWeb/mysite/env/lib/python3.6/site-packages/django/contrib/sites/__init__.py first seen with mtime 1582787716.063639
File /Users/quanle/PythonWeb/mysite/env/lib/python3.6/site-packages/django/forms/fields.py first seen with mtime 1582787716.219813
File /Users/quanle/PythonWeb/mysite/env/lib/python3.6/site-packages/bson/objectid.py first seen with mtime 1582787713.180412
File /Users/quanle/PythonWeb/mysite/env/lib/python3.6/site-packages/pymongo/son_manipulator.py first seen with mtime 1582787713.201255
File /Users/quanle/PythonWeb/mysite/env/lib/python3.6/site-packages/django/forms/utils.py first seen with mtime 1582787716.22174
File /Users/quanle/PythonWeb/mysite/env/lib/python3.6/site-packages/sqlparse/filters/aligned_indent.py first seen with mtime 1582787713.096833
File /Users/quanle/PythonWeb/mysite/env/lib/python3.6/site-packages/django/forms/renderers.py first seen with mtime 1582787716.221446
File /Users/quanle/PythonWeb/mysite/env/lib/python3.6/site-packages/django/core/checks/model_checks.py first seen with mtime 1582787716.147207
File /Users/quanle/PythonWeb/mysite/env/lib/python3.6/site-packages/django/views/generic/dates.py first seen with mtime 1582787716.282389
File /Users/quanle/PythonWeb/mysite/env/lib/python3.6/site-packages/django/db/models/signals.py first seen with mtime 1582787716.208179
File /Users/quanle/PythonWeb/mysite/env/lib/python3.6/site-packages/django/utils/termcolors.py first seen with mtime 1582787716.272547
File /Users/quanle/PythonWeb/mysite/env/lib/python3.6/site-packages/django/core/handlers/exception.py first seen with mtime 1582787716.154673
File /Users/quanle/PythonWeb/mysite/env/lib/python3.6/site-packages/django/core/servers/basehttp.py first seen with mtime 1582787716.172271
File /Users/quanle/PythonWeb/mysite/env/lib/python3.6/site-packages/django/contrib/admin/exceptions.py first seen with mtime 1582787715.120764
File /Users/quanle/PythonWeb/mysite/env/lib/python3.6/site-packages/django/db/models/fields/proxy.py first seen with mtime 1582787716.210054
File /Users/quanle/PythonWeb/mysite/env/lib/python3.6/site-packages/pymongo/results.py first seen with mtime 1582787713.198969
File /Users/quanle/PythonWeb/mysite/env/lib/python3.6/site-packages/pymongo/message.py first seen with mtime 1582787713.193887
File /Library/Frameworks/Python.framework/Versions/3.6/lib/python3.6/email/mime/nonmultipart.py first seen with mtime 1545635096.0
File /Users/quanle/PythonWeb/mysite/env/lib/python3.6/site-packages/bson/decimal128.py first seen with mtime 1582787713.17843
File /Library/Frameworks/Python.framework/Versions/3.6/lib/python3.6/email/iterators.py first seen with mtime 1545635096.0
File /Library/Frameworks/Python.framework/Versions/3.6/lib/python3.6/xml/parsers/expat.py first seen with mtime 1545635097.0
File /Users/quanle/PythonWeb/mysite/env/lib/python3.6/site-packages/django/contrib/admin/checks.py first seen with mtime 1582787715.120121
File /Users/quanle/PythonWeb/mysite/env/lib/python3.6/site-packages/django/contrib/admin/templatetags/__init__.py first seen with mtime 1582787715.337639
File /Users/quanle/PythonWeb/mysite/env/lib/python3.6/site-packages/django/template/library.py first seen with mtime 1582787716.247348
File /Library/Frameworks/Python.framework/Versions/3.6/lib/python3.6/collections/__init__.py first seen with mtime 1545635096.0
File /Users/quanle/PythonWeb/mysite/env/lib/python3.6/site-packages/djongo/features.py first seen with mtime 1582787721.554034
File /Users/quanle/PythonWeb/mysite/env/lib/python3.6/site-packages/django/core/handlers/wsgi.py first seen with mtime 1582787716.155008
File /Users/quanle/PythonWeb/mysite/env/lib/python3.6/site-packages/django/db/__init__.py first seen with mtime 1582787716.172646
File /Users/quanle/PythonWeb/mysite/env/lib/python3.6/site-packages/django/contrib/messages/__init__.py first seen with mtime 1582787715.837413
File /Library/Frameworks/Python.framework/Versions/3.6/lib/python3.6/pkgutil.py first seen with mtime 1545635094.0
File /Users/quanle/PythonWeb/mysite/env/lib/python3.6/site-packages/django/contrib/staticfiles/handlers.py first seen with mtime 1582787716.135625
File /Users/quanle/PythonWeb/mysite/env/lib/python3.6/site-packages/django/contrib/staticfiles/views.py first seen with mtime 1582787716.137413
File /Library/Frameworks/Python.framework/Versions/3.6/lib/python3.6/encodings/aliases.py first seen with mtime 1545635096.0
File /Users/quanle/PythonWeb/mysite/env/lib/python3.6/site-packages/psutil/_psosx.py first seen with mtime 1583114834.359954
File /Users/quanle/PythonWeb/mysite/env/lib/python3.6/site-packages/sqlparse/filters/tokens.py first seen with mtime 1582787713.096187
File /Users/quanle/PythonWeb/mysite/env/lib/python3.6/site-packages/bson/errors.py first seen with mtime 1582787713.178759
File /Library/Frameworks/Python.framework/Versions/3.6/lib/python3.6/uuid.py first seen with mtime 1545635094.0
File /Library/Frameworks/Python.framework/Versions/3.6/lib/python3.6/email/contentmanager.py first seen with mtime 1545635096.0
File /Users/quanle/PythonWeb/mysite/env/lib/python3.6/site-packages/django/templatetags/__init__.py first seen with mtime 1582787716.252965
File /Users/quanle/PythonWeb/mysite/env/lib/python3.6/site-packages/django/db/models/base.py first seen with mtime 1582787716.203648
File /Users/quanle/PythonWeb/mysite/env/lib/python3.6/site-packages/django/db/models/functions/mixins.py first seen with mtime 1582787716.213655
File /Users/quanle/PythonWeb/mysite/env/lib/python3.6/site-packages/django/db/models/functions/__init__.py first seen with mtime 1582787716.212184
File /Users/quanle/PythonWeb/mysite/env/lib/python3.6/site-packages/pymongo/settings.py first seen with mtime 1582787713.200832
File /Library/Frameworks/Python.framework/Versions/3.6/lib/python3.6/urllib/response.py first seen with mtime 1545635096.0
File /Users/quanle/PythonWeb/mysite/env/lib/python3.6/site-packages/django/utils/timezone.py first seen with mtime 1582787716.273565
File /Users/quanle/PythonWeb/mysite/env/lib/python3.6/site-packages/django/db/migrations/migration.py first seen with mtime 1582787716.197899
File /Users/quanle/PythonWeb/mysite/env/lib/python3.6/site-packages/bson/__init__.py first seen with mtime 1582787713.175973
File /Library/Frameworks/Python.framework/Versions/3.6/lib/python3.6/re.py first seen with mtime 1545635094.0
File /Users/quanle/PythonWeb/mysite/env/lib/python3.6/site-packages/django/db/backends/__init__.py first seen with mtime 1582787716.173655
File /Users/quanle/PythonWeb/mysite/env/lib/python3.6/site-packages/pymongo/mongo_client.py first seen with mtime 1582787713.194571
File /Users/quanle/PythonWeb/mysite/env/lib/python3.6/site-packages/django/core/checks/translation.py first seen with mtime 1582787716.148231
File /Library/Frameworks/Python.framework/Versions/3.6/lib/python3.6/hmac.py first seen with mtime 1545635094.0
File /Users/quanle/PythonWeb/mysite/env/lib/python3.6/site-packages/django/contrib/admin/filters.py first seen with mtime 1582787715.121142
File /Users/quanle/PythonWeb/mysite/env/lib/python3.6/site-packages/pytz/lazy.py first seen with mtime 1582699928.77508
File /Users/quanle/PythonWeb/mysite/env/lib/python3.6/site-packages/django/core/serializers/__init__.py first seen with mtime 1582787716.169584
File /Users/quanle/PythonWeb/mysite/env/lib/python3.6/site-packages/django/db/models/fields/related_lookups.py first seen with mtime 1582787716.211449
File /Users/quanle/PythonWeb/mysite/env/lib/python3.6/site-packages/validators/truthy.py first seen with mtime 1583211295.661577
File /Users/quanle/PythonWeb/mysite/env/lib/python3.6/site-packages/django/conf/global_settings.py first seen with mtime 1582787714.973596
File /Users/quanle/PythonWeb/mysite/env/lib/python3.6/site-packages/django/db/models/constraints.py first seen with mtime 1582787716.20433
File /Library/Frameworks/Python.framework/Versions/3.6/lib/python3.6/genericpath.py first seen with mtime 1545635094.0
File /Users/quanle/PythonWeb/mysite/env/lib/python3.6/site-packages/django/contrib/admin/models.py first seen with mtime 1582787715.122489
File /Users/quanle/PythonWeb/mysite/env/lib/python3.6/site-packages/django/core/files/utils.py first seen with mtime 1582787716.153704
File /Users/quanle/PythonWeb/mysite/env/lib/python3.6/site-packages/django/utils/version.py first seen with mtime 1582787716.274473
File /Users/quanle/PythonWeb/mysite/env/lib/python3.6/site-packages/sqlparse/exceptions.py first seen with mtime 1582787713.092886
File /Users/quanle/PythonWeb/mysite/env/lib/python3.6/site-packages/pymongo/bulk.py first seen with mtime 1582787713.18577
File /Users/quanle/PythonWeb/mysite/env/lib/python3.6/site-packages/django/db/models/constants.py first seen with mtime 1582787716.204034
File /Library/Frameworks/Python.framework/Versions/3.6/lib/python3.6/ctypes/util.py first seen with mtime 1545635097.0
File /Library/Frameworks/Python.framework/Versions/3.6/lib/python3.6/difflib.py first seen with mtime 1545635094.0
File /Library/Frameworks/Python.framework/Versions/3.6/lib/python3.6/queue.py first seen with mtime 1545635094.0
File /Users/quanle/PythonWeb/mysite/env/lib/python3.6/site-packages/pymongo/server.py first seen with mtime 1582787713.199613
File /Library/Frameworks/Python.framework/Versions/3.6/lib/python3.6/lib-dynload/_lzma.cpython-36m-darwin.so first seen with mtime 1545635084.0
File /Library/Frameworks/Python.framework/Versions/3.6/lib/python3.6/http/server.py first seen with mtime 1545635096.0
File /Users/quanle/PythonWeb/mysite/env/lib/python3.6/site-packages/django/core/checks/registry.py first seen with mtime 1582787716.147517
File /Users/quanle/PythonWeb/mysite/env/lib/python3.6/site-packages/pymongo/common.py first seen with mtime 1582787713.18877
File /Users/quanle/PythonWeb/mysite/env/lib/python3.6/site-packages/django/db/backends/ddl_references.py first seen with mtime 1582787716.173952
File /Users/quanle/PythonWeb/mysite/env/lib/python3.6/site-packages/django/db/models/manager.py first seen with mtime 1582787716.20629
File /Users/quanle/PythonWeb/mysite/env/lib/python3.6/site-packages/validators/between.py first seen with mtime 1583211295.657959
File /Users/quanle/PythonWeb/mysite/env/lib/python3.6/site-packages/pymongo/__init__.py first seen with mtime 1582787713.184178
File /Users/quanle/PythonWeb/mysite/env/lib/python3.6/site-packages/django/db/models/indexes.py first seen with mtime 1582787716.205596
File /Library/Frameworks/Python.framework/Versions/3.6/lib/python3.6/lib-dynload/_hashlib.cpython-36m-darwin.so first seen with mtime 1545635080.0
File /Users/quanle/PythonWeb/mysite/env/lib/python3.6/site-packages/pymongo/aggregation.py first seen with mtime 1582787713.184931
File /Users/quanle/PythonWeb/mysite/env/lib/python3.6/site-packages/django/views/generic/detail.py first seen with mtime 1582787716.282706
File /Users/quanle/PythonWeb/mysite/GmoPanel/loginSys/models.py first seen with mtime 1583132448.6243064
File /Users/quanle/PythonWeb/mysite/env/lib/python3.6/site-packages/pymongo/command_cursor.py first seen with mtime 1582787713.188359
File /Library/Frameworks/Python.framework/Versions/3.6/lib/python3.6/enum.py first seen with mtime 1545635094.0
File /Users/quanle/PythonWeb/mysite/env/lib/python3.6/site-packages/bson/code.py first seen with mtime 1582787713.177386
File /Users/quanle/PythonWeb/mysite/env/lib/python3.6/site-packages/django/contrib/contenttypes/apps.py first seen with mtime 1582787715.502261
File /Library/Frameworks/Python.framework/Versions/3.6/lib/python3.6/email/mime/base.py first seen with mtime 1545635096.0
File /Library/Frameworks/Python.framework/Versions/3.6/lib/python3.6/string.py first seen with mtime 1545635094.0
File /Users/quanle/PythonWeb/mysite/env/lib/python3.6/site-packages/django/db/backends/base/introspection.py first seen with mtime 1582787716.176589
File /Library/Frameworks/Python.framework/Versions/3.6/lib/python3.6/sre_constants.py first seen with mtime 1545635094.0
File /Library/Frameworks/Python.framework/Versions/3.6/lib/python3.6/ctypes/macholib/__init__.py first seen with mtime 1545635097.0
File /Library/Frameworks/Python.framework/Versions/3.6/lib/python3.6/fnmatch.py first seen with mtime 1545635094.0
File /Users/quanle/PythonWeb/mysite/GmoPanel/plogical/hashPassword.py first seen with mtime 1583138150.9759827
File /Library/Frameworks/Python.framework/Versions/3.6/lib/python3.6/urllib/parse.py first seen with mtime 1545635096.0
File /Library/Frameworks/Python.framework/Versions/3.6/lib/python3.6/_compression.py first seen with mtime 1545635094.0
File /Users/quanle/PythonWeb/mysite/env/lib/python3.6/site-packages/django/template/defaultfilters.py first seen with mtime 1582787716.245789
File /Library/Frameworks/Python.framework/Versions/3.6/lib/python3.6/urllib/__init__.py first seen with mtime 1545635096.0
File /Users/quanle/PythonWeb/mysite/env/lib/python3.6/site-packages/django/utils/topological_sort.py first seen with mtime 1582787716.27387
File /Users/quanle/PythonWeb/mysite/env/lib/python3.6/site-packages/django/core/files/temp.py first seen with mtime 1582787716.15266
File /Library/Frameworks/Python.framework/Versions/3.6/lib/python3.6/posixpath.py first seen with mtime 1545635094.0
File /Users/quanle/PythonWeb/mysite/env/lib/python3.6/site-packages/psutil/_psutil_posix.cpython-36m-darwin.so first seen with mtime 1583114834.361955
File /Library/Frameworks/Python.framework/Versions/3.6/lib/python3.6/lib-dynload/_pickle.cpython-36m-darwin.so first seen with mtime 1545635075.0
File /Users/quanle/PythonWeb/mysite/env/lib/python3.6/site-packages/pymongo/helpers.py first seen with mtime 1582787713.192699
File /Users/quanle/PythonWeb/mysite/env/lib/python3.6/site-packages/django/template/engine.py first seen with mtime 1582787716.246709
File /Users/quanle/PythonWeb/mysite/env/lib/python3.6/site-packages/django/core/validators.py first seen with mtime 1582787716.142139
File /Library/Frameworks/Python.framework/Versions/3.6/lib/python3.6/ast.py first seen with mtime 1545635094.0
File /Library/Frameworks/Python.framework/Versions/3.6/lib/python3.6/ctypes/_endian.py first seen with mtime 1545635097.0
File /Users/quanle/PythonWeb/mysite/env/lib/python3.6/site-packages/dataclasses.py first seen with mtime 1582787721.529105
File /Library/Frameworks/Python.framework/Versions/3.6/lib/python3.6/sysconfig.py first seen with mtime 1545635094.0
File /Users/quanle/PythonWeb/mysite/env/lib/python3.6/site-packages/sqlparse/filters/__init__.py first seen with mtime 1582787713.096503
File /Library/Frameworks/Python.framework/Versions/3.6/lib/python3.6/_sysconfigdata_m_darwin_darwin.py first seen with mtime 1545635113.0
File /Users/quanle/PythonWeb/mysite/env/lib/python3.6/site-packages/django/core/management/base.py first seen with mtime 1582787716.158969
File /Library/Frameworks/Python.framework/Versions/3.6/lib/python3.6/token.py first seen with mtime 1545635094.0
File /Users/quanle/PythonWeb/mysite/env/lib/python3.6/site-packages/django/contrib/admin/decorators.py first seen with mtime 1582787715.120446
File /Library/Frameworks/Python.framework/Versions/3.6/lib/python3.6/encodings/latin_1.py first seen with mtime 1545635096.0
File /Users/quanle/PythonWeb/mysite/env/lib/python3.6/site-packages/django/db/backends/base/features.py first seen with mtime 1582787716.176254
File /Users/quanle/PythonWeb/mysite/env/lib/python3.6/site-packages/pymongo/max_staleness_selectors.py first seen with mtime 1582787713.193386
File /Users/quanle/PythonWeb/mysite/env/lib/python3.6/site-packages/validators/url.py first seen with mtime 1583211295.661927
File /Users/quanle/PythonWeb/mysite/env/lib/python3.6/site-packages/django/contrib/contenttypes/models.py first seen with mtime 1582787715.503497
File /Users/quanle/PythonWeb/mysite/env/lib/python3.6/site-packages/django/core/files/images.py first seen with mtime 1582787716.151401
File /Users/quanle/PythonWeb/mysite/env/lib/python3.6/site-packages/django/utils/decorators.py first seen with mtime 1582787716.26476
File /Users/quanle/PythonWeb/mysite/env/lib/python3.6/site-packages/django/urls/base.py first seen with mtime 1582787716.258409
File /Users/quanle/PythonWeb/mysite/env/lib/python3.6/site-packages/pymongo/client_session.py first seen with mtime 1582787713.186913
File /Users/quanle/PythonWeb/mysite/env/lib/python3.6/site-packages/django/db/models/sql/constants.py first seen with mtime 1582787716.215502
File /Users/quanle/PythonWeb/mysite/env/lib/python3.6/site-packages/pymongo/response.py first seen with mtime 1582787713.198661
File /Library/Frameworks/Python.framework/Versions/3.6/lib/python3.6/lib-dynload/termios.cpython-36m-darwin.so first seen with mtime 1545635082.0
File /Library/Frameworks/Python.framework/Versions/3.6/lib/python3.6/urllib/error.py first seen with mtime 1545635096.0
File /Users/quanle/PythonWeb/mysite/env/lib/python3.6/site-packages/django/db/transaction.py first seen with mtime 1582787716.172968
File /Users/quanle/PythonWeb/mysite/GmoPanel/loginSys/admin.py first seen with mtime 1582858466.6791747
File /Library/Frameworks/Python.framework/Versions/3.6/lib/python3.6/encodings/idna.py first seen with mtime 1545635096.0
File /Library/Frameworks/Python.framework/Versions/3.6/lib/python3.6/http/client.py first seen with mtime 1545635096.0
File /Users/quanle/PythonWeb/mysite/env/lib/python3.6/site-packages/pymongo/mongo_replica_set_client.py first seen with mtime 1582787713.194872
File /Users/quanle/PythonWeb/mysite/env/lib/python3.6/site-packages/djongo/introspection.py first seen with mtime 1582787721.554508
File /Library/Frameworks/Python.framework/Versions/3.6/lib/python3.6/email/policy.py first seen with mtime 1545635096.0
File /Users/quanle/PythonWeb/mysite/env/lib/python3.6/site-packages/pymongo/network.py first seen with mtime 1582787713.196428
File /Library/Frameworks/Python.framework/Versions/3.6/lib/python3.6/wsgiref/__init__.py first seen with mtime 1545635096.0
File /Users/quanle/PythonWeb/mysite/env/lib/python3.6/site-packages/django/contrib/contenttypes/fields.py first seen with mtime 1582787715.502898
File /Users/quanle/PythonWeb/mysite/env/lib/python3.6/site-packages/django/conf/locale/__init__.py first seen with mtime 1582787714.97599
File /Library/Frameworks/Python.framework/Versions/3.6/lib/python3.6/copy.py first seen with mtime 1545635094.0
File /Users/quanle/PythonWeb/mysite/env/lib/python3.6/site-packages/django/db/migrations/operations/utils.py first seen with mtime 1582787716.202424
File /Users/quanle/PythonWeb/mysite/env/lib/python3.6/site-packages/django/core/management/__init__.py first seen with mtime 1582787716.158566
File /Users/quanle/PythonWeb/mysite/env/lib/python3.6/site-packages/pymongo/monotonic.py first seen with mtime 1582787713.19606
File /Users/quanle/PythonWeb/mysite/env/lib/python3.6/site-packages/django/utils/translation/trans_real.py first seen with mtime 1582787716.276559
File /Library/Frameworks/Python.framework/Versions/3.6/lib/python3.6/lib-dynload/_ctypes.cpython-36m-darwin.so first seen with mtime 1545635093.0
File /Users/quanle/PythonWeb/mysite/env/lib/python3.6/site-packages/django/core/checks/security/__init__.py first seen with mtime 1582787716.149393
File /Users/quanle/PythonWeb/mysite/env/lib/python3.6/site-packages/django/db/models/fields/files.py first seen with mtime 1582787716.209436
File /Library/Frameworks/Python.framework/Versions/3.6/lib/python3.6/email/generator.py first seen with mtime 1545635096.0
File /Library/Frameworks/Python.framework/Versions/3.6/lib/python3.6/opcode.py first seen with mtime 1545635094.0
File /Library/Frameworks/Python.framework/Versions/3.6/lib/python3.6/email/_parseaddr.py first seen with mtime 1545635096.0
File /Users/quanle/PythonWeb/mysite/env/lib/python3.6/site-packages/django/forms/widgets.py first seen with mtime 1582787716.222172
File /Users/quanle/PythonWeb/mysite/env/lib/python3.6/site-packages/django/dispatch/__init__.py first seen with mtime 1582787716.217896
File /Users/quanle/PythonWeb/mysite/env/lib/python3.6/site-packages/django/utils/cache.py first seen with mtime 1582787716.262132
File /Library/Frameworks/Python.framework/Versions/3.6/lib/python3.6/contextlib.py first seen with mtime 1545635094.0
File /Users/quanle/PythonWeb/mysite/env/lib/python3.6/site-packages/django/urls/conf.py first seen with mtime 1582787716.258723
File /Users/quanle/PythonWeb/mysite/env/lib/python3.6/site-packages/django/db/backends/base/__init__.py first seen with mtime 1582787716.174834
File /Library/Frameworks/Python.framework/Versions/3.6/lib/python3.6/threading.py first seen with mtime 1545635094.0
File /Users/quanle/PythonWeb/mysite/GmoPanel/websiteManager/models.py first seen with mtime 1583202279.7816803
File /Users/quanle/PythonWeb/mysite/env/lib/python3.6/site-packages/django/contrib/admin/apps.py first seen with mtime 1582787715.119642
File /Users/quanle/PythonWeb/mysite/env/lib/python3.6/site-packages/django/contrib/admin/views/autocomplete.py first seen with mtime 1582787715.33998
File /Users/quanle/PythonWeb/mysite/env/lib/python3.6/site-packages/django/core/checks/urls.py first seen with mtime 1582787716.148692
File /Users/quanle/PythonWeb/mysite/env/lib/python3.6/site-packages/django/core/mail/__init__.py first seen with mtime 1582787716.155352
File /Users/quanle/PythonWeb/mysite/env/lib/python3.6/site-packages/django/apps/registry.py first seen with mtime 1582787714.972383
File /Users/quanle/PythonWeb/mysite/env/lib/python3.6/site-packages/django/utils/hashable.py first seen with mtime 1582787716.267148
File /Users/quanle/PythonWeb/mysite/env/lib/python3.6/site-packages/django/core/files/uploadhandler.py first seen with mtime 1582787716.153374
File /Users/quanle/PythonWeb/mysite/env/lib/python3.6/site-packages/django/forms/formsets.py first seen with mtime 1582787716.220669
File /Users/quanle/PythonWeb/mysite/env/lib/python3.6/site-packages/sqlparse/__init__.py first seen with mtime 1582787713.091003
File /Users/quanle/PythonWeb/mysite/env/lib/python3.6/site-packages/django/db/migrations/operations/special.py first seen with mtime 1582787716.202106
File /Users/quanle/PythonWeb/mysite/env/lib/python3.6/site-packages/django/contrib/sessions/__init__.py first seen with mtime 1582787715.987196
File /Library/Frameworks/Python.framework/Versions/3.6/lib/python3.6/_collections_abc.py first seen with mtime 1545635094.0
File /Users/quanle/PythonWeb/mysite/env/lib/python3.6/site-packages/pymongo/errors.py first seen with mtime 1582787713.192358
File /Library/Frameworks/Python.framework/Versions/3.6/lib/python3.6/ctypes/__init__.py first seen with mtime 1545635097.0
File /Library/Frameworks/Python.framework/Versions/3.6/lib/python3.6/email/feedparser.py first seen with mtime 1545635096.0
File /Library/Frameworks/Python.framework/Versions/3.6/lib/python3.6/lib-dynload/math.cpython-36m-darwin.so first seen with mtime 1545635073.0
File /Library/Frameworks/Python.framework/Versions/3.6/lib/python3.6/lib-dynload/_socket.cpython-36m-darwin.so first seen with mtime 1545635079.0
File /Users/quanle/PythonWeb/mysite/env/lib/python3.6/site-packages/django/contrib/staticfiles/management/commands/runserver.py first seen with mtime 1582787716.13869
File /Users/quanle/PythonWeb/mysite/env/lib/python3.6/site-packages/sqlparse/utils.py first seen with mtime 1582787713.090352
File /Library/Frameworks/Python.framework/Versions/3.6/lib/python3.6/signal.py first seen with mtime 1545635094.0
File /Library/Frameworks/Python.framework/Versions/3.6/lib/python3.6/tempfile.py first seen with mtime 1545635094.0
File /Library/Frameworks/Python.framework/Versions/3.6/lib/python3.6/decimal.py first seen with mtime 1545635094.0
File /Users/quanle/PythonWeb/mysite/env/lib/python3.6/site-packages/django/db/models/expressions.py first seen with mtime 1582787716.205261
File /Users/quanle/PythonWeb/mysite/env/lib/python3.6/site-packages/django/contrib/auth/__init__.py first seen with mtime 1582787715.41593
File /Users/quanle/PythonWeb/mysite/env/lib/python3.6/site-packages/django/contrib/auth/password_validation.py first seen with mtime 1582787715.420762
File /Users/quanle/PythonWeb/mysite/env/lib/python3.6/site-packages/django/views/decorators/csrf.py first seen with mtime 1582787716.279887
File /Users/quanle/PythonWeb/mysite/env/lib/python3.6/site-packages/django/conf/__init__.py first seen with mtime 1582787714.973136
File /Library/Frameworks/Python.framework/Versions/3.6/lib/python3.6/linecache.py first seen with mtime 1545635094.0
File /Users/quanle/PythonWeb/mysite/env/lib/python3.6/site-packages/sqlparse/filters/output.py first seen with mtime 1582787713.095451
File /Users/quanle/PythonWeb/mysite/env/lib/python3.6/site-packages/bson/int64.py first seen with mtime 1582787713.179045
File /Users/quanle/PythonWeb/mysite/env/lib/python3.6/site-packages/pymongo/database.py first seen with mtime 1582787713.190884
File /Users/quanle/PythonWeb/mysite/env/lib/python3.6/site-packages/django/contrib/admin/widgets.py first seen with mtime 1582787715.125419
File /Users/quanle/PythonWeb/mysite/env/lib/python3.6/site-packages/django/utils/deprecation.py first seen with mtime 1582787716.265066
File /Users/quanle/PythonWeb/mysite/env/lib/python3.6/site-packages/six.py first seen with mtime 1582787712.902998
File /Library/Frameworks/Python.framework/Versions/3.6/lib/python3.6/uu.py first seen with mtime 1545635094.0
File /Users/quanle/PythonWeb/mysite/env/lib/python3.6/site-packages/django/core/management/commands/runserver.py first seen with mtime 1582787716.165547
File /Users/quanle/PythonWeb/mysite/env/lib/python3.6/site-packages/django/views/decorators/debug.py first seen with mtime 1582787716.280173
File /Users/quanle/PythonWeb/mysite/env/lib/python3.6/site-packages/django/http/request.py first seen with mtime 1582787716.240736
File /Library/Frameworks/Python.framework/Versions/3.6/lib/python3.6/email/charset.py first seen with mtime 1545635096.0
File /Library/Frameworks/Python.framework/Versions/3.6/lib/python3.6/lib-dynload/_datetime.cpython-36m-darwin.so first seen with mtime 1545635073.0
File /Users/quanle/PythonWeb/mysite/env/lib/python3.6/site-packages/sqlparse/cli.py first seen with mtime 1582787713.0917
File /Users/quanle/PythonWeb/mysite/env/lib/python3.6/site-packages/django/contrib/sites/shortcuts.py first seen with mtime 1582787716.066001
File /Library/Frameworks/Python.framework/Versions/3.6/lib/python3.6/email/mime/__init__.py first seen with mtime 1545635096.0
File /Users/quanle/PythonWeb/mysite/env/lib/python3.6/site-packages/bson/max_key.py first seen with mtime 1582787713.17983
File /Library/Frameworks/Python.framework/Versions/3.6/lib/python3.6/lib-dynload/select.cpython-36m-darwin.so first seen with mtime 1545635078.0
File /Library/Frameworks/Python.framework/Versions/3.6/lib/python3.6/_markupbase.py first seen with mtime 1545635094.0
File /Users/quanle/PythonWeb/mysite/env/lib/python3.6/site-packages/django/templatetags/i18n.py first seen with mtime 1582787716.25362
File /Users/quanle/PythonWeb/mysite/GmoPanel/loginSys/apps.py first seen with mtime 1582858466.6803057
File /Users/quanle/PythonWeb/mysite/GmoPanel/websiteManager/admin.py first seen with mtime 1583132341.6959937
File /Library/Frameworks/Python.framework/Versions/3.6/lib/python3.6/sre_parse.py first seen with mtime 1545635094.0
File /Users/quanle/PythonWeb/mysite/env/lib/python3.6/site-packages/django/views/__init__.py first seen with mtime 1582787716.276877
File /Library/Frameworks/Python.framework/Versions/3.6/lib/python3.6/json/__init__.py first seen with mtime 1545635096.0
File /Users/quanle/PythonWeb/mysite/env/lib/python3.6/site-packages/validators/length.py first seen with mtime 1583211295.660621
File /Library/Frameworks/Python.framework/Versions/3.6/lib/python3.6/http/__init__.py first seen with mtime 1545635096.0
File /Users/quanle/PythonWeb/mysite/env/lib/python3.6/site-packages/django/db/migrations/state.py first seen with mtime 1582787716.199716
File /Library/Frameworks/Python.framework/Versions/3.6/lib/python3.6/email/headerregistry.py first seen with mtime 1545635096.0
File /Library/Frameworks/Python.framework/Versions/3.6/lib/python3.6/logging/handlers.py first seen with mtime 1545635096.0
File /Library/Frameworks/Python.framework/Versions/3.6/lib/python3.6/glob.py first seen with mtime 1545635094.0
File /Library/Frameworks/Python.framework/Versions/3.6/lib/python3.6/email/parser.py first seen with mtime 1545635096.0
File /Library/Frameworks/Python.framework/Versions/3.6/lib/python3.6/_osx_support.py first seen with mtime 1545635094.0
File /Library/Frameworks/Python.framework/Versions/3.6/lib/python3.6/lib-dynload/_decimal.cpython-36m-darwin.so first seen with mtime 1545635091.0
File /Users/quanle/PythonWeb/mysite/env/lib/python3.6/site-packages/sqlparse/filters/reindent.py first seen with mtime 1582787713.09719
File /Users/quanle/PythonWeb/mysite/env/lib/python3.6/site-packages/django/db/models/__init__.py first seen with mtime 1582787716.202755
File /Users/quanle/PythonWeb/mysite/env/lib/python3.6/site-packages/django/utils/lorem_ipsum.py first seen with mtime 1582787716.269977
File /Users/quanle/PythonWeb/mysite/env/lib/python3.6/site-packages/sqlparse/compat.py first seen with mtime 1582787713.09215
File /Users/quanle/PythonWeb/mysite/env/lib/python3.6/site-packages/pymongo/monitoring.py first seen with mtime 1582787713.195773
File /Library/Frameworks/Python.framework/Versions/3.6/lib/python3.6/email/quoprimime.py first seen with mtime 1545635096.0
File /Users/quanle/PythonWeb/mysite/env/lib/python3.6/site-packages/django/db/migrations/exceptions.py first seen with mtime 1582787716.196259
File /Users/quanle/PythonWeb/mysite/env/lib/python3.6/site-packages/sqlparse/sql.py first seen with mtime 1582787713.092568
File /Users/quanle/PythonWeb/mysite/env/lib/python3.6/site-packages/pymongo/ssl_match_hostname.py first seen with mtime 1582787713.202142
File /Users/quanle/PythonWeb/mysite/env/lib/python3.6/site-packages/django/template/loader_tags.py first seen with mtime 1582787716.247983
File /Users/quanle/PythonWeb/mysite/env/lib/python3.6/site-packages/django/utils/inspect.py first seen with mtime 1582787716.268189
File /Users/quanle/PythonWeb/mysite/env/lib/python3.6/site-packages/django/utils/tree.py first seen with mtime 1582787716.274163
File /Library/Frameworks/Python.framework/Versions/3.6/lib/python3.6/heapq.py first seen with mtime 1545635094.0
File /Users/quanle/PythonWeb/mysite/env/lib/python3.6/site-packages/django/views/decorators/cache.py first seen with mtime 1582787716.279332
File /Users/quanle/PythonWeb/mysite/GmoPanel/loginSys/__init__.py first seen with mtime 1582858466.6768687
File /Library/Frameworks/Python.framework/Versions/3.6/lib/python3.6/ssl.py first seen with mtime 1545635094.0
File /Library/Frameworks/Python.framework/Versions/3.6/lib/python3.6/_compat_pickle.py first seen with mtime 1545635094.0
File /Users/quanle/PythonWeb/mysite/env/lib/python3.6/site-packages/django/db/models/sql/subqueries.py first seen with mtime 1582787716.217189
File /Library/Frameworks/Python.framework/Versions/3.6/lib/python3.6/textwrap.py first seen with mtime 1545635094.0
File /Library/Frameworks/Python.framework/Versions/3.6/lib/python3.6/ctypes/macholib/framework.py first seen with mtime 1545635097.0
File /Users/quanle/PythonWeb/mysite/env/lib/python3.6/site-packages/django/core/serializers/base.py first seen with mtime 1582787716.169919
File /Users/quanle/PythonWeb/mysite/env/lib/python3.6/site-packages/django/urls/__init__.py first seen with mtime 1582787716.258096
File /Library/Frameworks/Python.framework/Versions/3.6/lib/python3.6/lib-dynload/_ssl.cpython-36m-darwin.so first seen with mtime 1545635079.0
File /Users/quanle/PythonWeb/mysite/env/lib/python3.6/site-packages/django/db/models/sql/query.py first seen with mtime 1582787716.216704
File /Library/Frameworks/Python.framework/Versions/3.6/lib/python3.6/email/encoders.py first seen with mtime 1545635096.0
File /Users/quanle/PythonWeb/mysite/env/lib/python3.6/site-packages/pymongo/client_options.py first seen with mtime 1582787713.186485
File /Library/Frameworks/Python.framework/Versions/3.6/lib/python3.6/subprocess.py first seen with mtime 1545635094.0
File /Users/quanle/PythonWeb/mysite/env/lib/python3.6/site-packages/django/contrib/contenttypes/__init__.py first seen with mtime 1582787715.501682
File /Library/Frameworks/Python.framework/Versions/3.6/lib/python3.6/lib-dynload/grp.cpython-36m-darwin.so first seen with mtime 1545635077.0
File /Users/quanle/PythonWeb/mysite/env/lib/python3.6/site-packages/django/contrib/sessions/base_session.py first seen with mtime 1582787715.987804
File /Users/quanle/PythonWeb/mysite/env/lib/python3.6/site-packages/django/contrib/staticfiles/utils.py first seen with mtime 1582787716.136949
File /Users/quanle/PythonWeb/mysite/env/lib/python3.6/site-packages/django/utils/duration.py first seen with mtime 1582787716.265339
File /Library/Frameworks/Python.framework/Versions/3.6/lib/python3.6/calendar.py first seen with mtime 1545635094.0
File /Users/quanle/PythonWeb/mysite/env/lib/python3.6/site-packages/django/db/models/fields/related_descriptors.py first seen with mtime 1582787716.211137
File /Users/quanle/PythonWeb/mysite/env/lib/python3.6/site-packages/django/core/files/locks.py first seen with mtime 1582787716.151704
File /Users/quanle/PythonWeb/mysite/env/lib/python3.6/site-packages/django/core/checks/caches.py first seen with mtime 1582787716.146307
File /Library/Frameworks/Python.framework/Versions/3.6/lib/python3.6/wsgiref/headers.py first seen with mtime 1545635096.0
File /Library/Frameworks/Python.framework/Versions/3.6/lib/python3.6/mimetypes.py first seen with mtime 1545635094.0
File /Users/quanle/PythonWeb/mysite/env/lib/python3.6/site-packages/pymongo/pool.py first seen with mtime 1582787713.197648
File /Users/quanle/PythonWeb/mysite/env/lib/python3.6/site-packages/django/contrib/admin/views/__init__.py first seen with mtime 1582787715.339702
File /Users/quanle/PythonWeb/mysite/env/lib/python3.6/site-packages/django/contrib/contenttypes/admin.py first seen with mtime 1582787715.501971
File /Users/quanle/PythonWeb/mysite/env/lib/python3.6/site-packages/django/urls/converters.py first seen with mtime 1582787716.259001
File /Users/quanle/PythonWeb/mysite/env/lib/python3.6/site-packages/django/middleware/csrf.py first seen with mtime 1582787716.242632
File /Users/quanle/PythonWeb/mysite/env/lib/python3.6/site-packages/pymongo/auth.py first seen with mtime 1582787713.185305
File /Users/quanle/PythonWeb/mysite/env/lib/python3.6/site-packages/django/db/backends/signals.py first seen with mtime 1582787716.17429
File /Users/quanle/PythonWeb/mysite/env/lib/python3.6/site-packages/django/db/models/query_utils.py first seen with mtime 1582787716.207867
File /Users/quanle/PythonWeb/mysite/env/lib/python3.6/site-packages/django/views/generic/list.py first seen with mtime 1582787716.283604
File /Users/quanle/PythonWeb/mysite/env/lib/python3.6/site-packages/django/utils/encoding.py first seen with mtime 1582787716.265656
File /Users/quanle/PythonWeb/mysite/env/lib/python3.6/site-packages/pymongo/saslprep.py first seen with mtime 1582787713.199278
File /Users/quanle/PythonWeb/mysite/env/lib/python3.6/site-packages/django/core/serializers/json.py first seen with mtime 1582787716.170343
File /Users/quanle/PythonWeb/mysite/env/lib/python3.6/site-packages/django/db/models/sql/__init__.py first seen with mtime 1582787716.214645
File /Users/quanle/PythonWeb/mysite/env/lib/python3.6/site-packages/django/core/checks/security/csrf.py first seen with mtime 1582787716.150032
File /Library/Frameworks/Python.framework/Versions/3.6/lib/python3.6/quopri.py first seen with mtime 1545635094.0
File /Users/quanle/PythonWeb/mysite/env/lib/python3.6/site-packages/django/contrib/staticfiles/__init__.py first seen with mtime 1582787716.134464
File /Users/quanle/PythonWeb/mysite/env/lib/python3.6/site-packages/django/db/backends/base/schema.py first seen with mtime 1582787716.177583
File /Users/quanle/PythonWeb/mysite/env/lib/python3.6/site-packages/django/db/migrations/operations/base.py first seen with mtime 1582787716.201086
File /Library/Frameworks/Python.framework/Versions/3.6/lib/python3.6/logging/config.py first seen with mtime 1545635096.0
File /Library/Frameworks/Python.framework/Versions/3.6/lib/python3.6/tokenize.py first seen with mtime 1545635094.0
File /Users/quanle/PythonWeb/mysite/env/lib/python3.6/site-packages/django/utils/six.py first seen with mtime 1582787716.272221
File /Library/Frameworks/Python.framework/Versions/3.6/lib/python3.6/_weakrefset.py first seen with mtime 1545635094.0
File /Users/quanle/PythonWeb/mysite/env/lib/python3.6/site-packages/django/db/models/fields/reverse_related.py first seen with mtime 1582787716.211795
File /Users/quanle/PythonWeb/mysite/env/lib/python3.6/site-packages/django/utils/deconstruct.py first seen with mtime 1582787716.264451
File /Library/Frameworks/Python.framework/Versions/3.6/lib/python3.6/inspect.py first seen with mtime 1545635094.0
File /Users/quanle/PythonWeb/mysite/env/lib/python3.6/site-packages/django/db/migrations/operations/__init__.py first seen with mtime 1582787716.200688
File /Users/quanle/PythonWeb/mysite/env/lib/python3.6/site-packages/django/urls/exceptions.py first seen with mtime 1582787716.259335
File /Users/quanle/PythonWeb/mysite/env/lib/python3.6/site-packages/validators/iban.py first seen with mtime 1583211295.659883
File /Library/Frameworks/Python.framework/Versions/3.6/lib/python3.6/lib-dynload/_scproxy.cpython-36m-darwin.so first seen with mtime 1545635091.0
File /Users/quanle/PythonWeb/mysite/env/lib/python3.6/site-packages/django/forms/boundfield.py first seen with mtime 1582787716.219347
File /Library/Frameworks/Python.framework/Versions/3.6/lib/python3.6/html/entities.py first seen with mtime 1545635096.0
File /Library/Frameworks/Python.framework/Versions/3.6/lib/python3.6/importlib/machinery.py first seen with mtime 1545635097.0
File /Library/Frameworks/Python.framework/Versions/3.6/lib/python3.6/_sitebuiltins.py first seen with mtime 1545635094.0
File /Users/quanle/PythonWeb/mysite/env/lib/python3.6/site-packages/django/db/backends/base/validation.py first seen with mtime 1582787716.177868
File /Users/quanle/PythonWeb/mysite/env/lib/python3.6/site-packages/validators/i18n/fi.py first seen with mtime 1583211295.663784
File /Users/quanle/PythonWeb/mysite/env/lib/python3.6/site-packages/django/utils/autoreload.py first seen with mtime 1582787716.261485
File /Users/quanle/PythonWeb/mysite/env/lib/python3.6/site-packages/django/http/cookie.py first seen with mtime 1582787716.239835
File /Users/quanle/PythonWeb/mysite/env/lib/python3.6/site-packages/pymongo/server_description.py first seen with mtime 1582787713.19992
File /Library/Frameworks/Python.framework/Versions/3.6/lib/python3.6/email/header.py first seen with mtime 1545635096.0
File /Users/quanle/PythonWeb/mysite/env/lib/python3.6/site-packages/django/contrib/admin/utils.py first seen with mtime 1582787715.124952
File /Library/Frameworks/Python.framework/Versions/3.6/lib/python3.6/bz2.py first seen with mtime 1545635094.0
File /Users/quanle/PythonWeb/mysite/env/lib/python3.6/site-packages/django/core/exceptions.py first seen with mtime 1582787716.140734
File /Users/quanle/PythonWeb/mysite/env/lib/python3.6/site-packages/django/contrib/auth/models.py first seen with mtime 1582787715.420433
File /Users/quanle/PythonWeb/mysite/env/lib/python3.6/site-packages/pytz/tzfile.py first seen with mtime 1582699928.776628
File /Library/Frameworks/Python.framework/Versions/3.6/lib/python3.6/wsgiref/util.py first seen with mtime 1545635096.0
File /Users/quanle/PythonWeb/mysite/env/lib/python3.6/site-packages/django/core/signing.py first seen with mtime 1582787716.141672
File /Library/Frameworks/Python.framework/Versions/3.6/lib/python3.6/lib-dynload/_heapq.cpython-36m-darwin.so first seen with mtime 1545635074.0
File /Users/quanle/PythonWeb/mysite/env/lib/python3.6/site-packages/validators/domain.py first seen with mtime 1583211295.658386
File /Users/quanle/PythonWeb/mysite/env/lib/python3.6/site-packages/pymongo/collection.py first seen with mtime 1582787713.188013
File /Users/quanle/PythonWeb/mysite/env/lib/python3.6/site-packages/django/utils/text.py first seen with mtime 1582787716.272922
File /Users/quanle/PythonWeb/mysite/env/lib/python3.6/site-packages/django/template/backends/django.py first seen with mtime 1582787716.250018
File /Users/quanle/PythonWeb/mysite/env/lib/python3.6/site-packages/django/contrib/sessions/apps.py first seen with mtime 1582787715.987493
File /Library/Frameworks/Python.framework/Versions/3.6/lib/python3.6/lib-dynload/_json.cpython-36m-darwin.so first seen with mtime 1545635075.0
File /Users/quanle/PythonWeb/mysite/env/lib/python3.6/site-packages/django/views/i18n.py first seen with mtime 1582787716.278463
File /Users/quanle/PythonWeb/mysite/GmoPanel/GmoPanel/urls.py first seen with mtime 1583133681.1222343
File /Library/Frameworks/Python.framework/Versions/3.6/lib/python3.6/email/message.py first seen with mtime 1545635096.0
File /Users/quanle/PythonWeb/mysite/env/lib/python3.6/site-packages/django/utils/datetime_safe.py first seen with mtime 1582787716.26415
File /Users/quanle/PythonWeb/mysite/env/lib/python3.6/site-packages/django/utils/log.py first seen with mtime 1582787716.269627
File /Users/quanle/PythonWeb/mysite/GmoPanel/websiteManager/__init__.py first seen with mtime 1583132341.6937408
File /Library/Frameworks/Python.framework/Versions/3.6/lib/python3.6/random.py first seen with mtime 1545635094.0
File /Users/quanle/PythonWeb/mysite/env/lib/python3.6/site-packages/django/core/signals.py first seen with mtime 1582787716.141357
File /Library/Frameworks/Python.framework/Versions/3.6/lib/python3.6/lib-dynload/pyexpat.cpython-36m-darwin.so first seen with mtime 1545635086.0
File /Users/quanle/PythonWeb/mysite/env/lib/python3.6/site-packages/django/utils/translation/__init__.py first seen with mtime 1582787716.275212
File /Users/quanle/PythonWeb/mysite/env/lib/python3.6/site-packages/django/utils/datastructures.py first seen with mtime 1582787716.262789
File /Users/quanle/PythonWeb/mysite/env/lib/python3.6/site-packages/django/utils/numberformat.py first seen with mtime 1582787716.271045
File /Library/Frameworks/Python.framework/Versions/3.6/lib/python3.6/html/__init__.py first seen with mtime 1545635096.0
File /Users/quanle/PythonWeb/mysite/env/lib/python3.6/site-packages/pymongo/cursor_manager.py first seen with mtime 1582787713.190048
File /Users/quanle/PythonWeb/mysite/env/lib/python3.6/site-packages/django/contrib/admin/__init__.py first seen with mtime 1582787715.118901
File /Users/quanle/PythonWeb/mysite/env/lib/python3.6/site-packages/validators/i18n/__init__.py first seen with mtime 1583211295.663086
File /Users/quanle/PythonWeb/mysite/env/lib/python3.6/site-packages/django/db/migrations/operations/models.py first seen with mtime 1582787716.201802
File /Library/Frameworks/Python.framework/Versions/3.6/lib/python3.6/warnings.py first seen with mtime 1545635094.0
File /Users/quanle/PythonWeb/mysite/env/lib/python3.6/site-packages/pymongo/srv_resolver.py first seen with mtime 1582787713.201551
File /Users/quanle/PythonWeb/mysite/env/lib/python3.6/site-packages/sqlparse/filters/others.py first seen with mtime 1582787713.095088
File /Library/Frameworks/Python.framework/Versions/3.6/lib/python3.6/stringprep.py first seen with mtime 1545635094.0
File /Library/Frameworks/Python.framework/Versions/3.6/lib/python3.6/ctypes/macholib/dylib.py first seen with mtime 1545635097.0
File /Users/quanle/PythonWeb/mysite/env/lib/python3.6/site-packages/pymongo/encryption_options.py first seen with mtime 1582787713.191867
File /Users/quanle/PythonWeb/mysite/env/lib/python3.6/site-packages/django/core/cache/backends/base.py first seen with mtime 1582787716.143813
File /Library/Frameworks/Python.framework/Versions/3.6/lib/python3.6/lib-dynload/_bisect.cpython-36m-darwin.so first seen with mtime 1545635074.0
File /Users/quanle/PythonWeb/mysite/env/lib/python3.6/site-packages/django/core/files/__init__.py first seen with mtime 1582787716.150704
File /Users/quanle/PythonWeb/mysite/env/lib/python3.6/site-packages/django/utils/translation/reloader.py first seen with mtime 1582787716.275518
File /Users/quanle/PythonWeb/mysite/env/lib/python3.6/site-packages/sqlparse/filters/right_margin.py first seen with mtime 1582787713.095845
File /Library/Frameworks/Python.framework/Versions/3.6/lib/python3.6/email/mime/multipart.py first seen with mtime 1545635096.0
File /Library/Frameworks/Python.framework/Versions/3.6/lib/python3.6/email/mime/message.py first seen with mtime 1545635096.0
File /Library/Frameworks/Python.framework/Versions/3.6/lib/python3.6/distutils/version.py first seen with mtime 1545635097.0
File /Users/quanle/PythonWeb/mysite/env/lib/python3.6/site-packages/validators/slug.py first seen with mtime 1583211295.661263
File /Users/quanle/PythonWeb/mysite/env/lib/python3.6/site-packages/django/contrib/admin/options.py first seen with mtime 1582787715.123393
File /Users/quanle/PythonWeb/mysite/env/lib/python3.6/site-packages/pymongo/thread_util.py first seen with mtime 1582787713.202785
File /Users/quanle/PythonWeb/mysite/env/lib/python3.6/site-packages/django/contrib/auth/apps.py first seen with mtime 1582787715.416596
File /Users/quanle/PythonWeb/mysite/env/lib/python3.6/site-packages/django/core/files/move.py first seen with mtime 1582787716.151998
File /Users/quanle/PythonWeb/mysite/env/lib/python3.6/site-packages/pymongo/uri_parser.py first seen with mtime 1582787713.203961
File /Users/quanle/PythonWeb/mysite/env/lib/python3.6/site-packages/django/db/models/sql/where.py first seen with mtime 1582787716.217541
File /Users/quanle/PythonWeb/mysite/env/lib/python3.6/site-packages/bson/dbref.py first seen with mtime 1582787713.178029
File /Users/quanle/PythonWeb/mysite/GmoPanel/loginSys/views.py first seen with mtime 1583210241.4461124
File /Users/quanle/PythonWeb/mysite/env/lib/python3.6/site-packages/validators/__init__.py first seen with mtime 1583211295.657492
File /Users/quanle/PythonWeb/mysite/env/lib/python3.6/site-packages/django/contrib/sessions/models.py first seen with mtime 1582787715.988715
File /Users/quanle/PythonWeb/mysite/env/lib/python3.6/site-packages/django/core/cache/backends/__init__.py first seen with mtime 1582787716.143488
File /Users/quanle/PythonWeb/mysite/env/lib/python3.6/site-packages/django/db/models/sql/datastructures.py first seen with mtime 1582787716.215806
File /Users/quanle/PythonWeb/mysite/env/lib/python3.6/site-packages/validators/utils.py first seen with mtime 1583211295.662288
File /Users/quanle/PythonWeb/mysite/GmoPanel/websiteManager/forms.py first seen with mtime 1583211562.1292005
File /Library/Frameworks/Python.framework/Versions/3.6/lib/python3.6/encodings/__init__.py first seen with mtime 1545635096.0
File /Users/quanle/PythonWeb/mysite/GmoPanel/websiteManager/apps.py first seen with mtime 1583132341.697038
File /Users/quanle/PythonWeb/mysite/env/lib/python3.6/site-packages/django/utils/dateparse.py first seen with mtime 1582787716.263456
File /Users/quanle/PythonWeb/mysite/env/lib/python3.6/site-packages/django/contrib/contenttypes/forms.py first seen with mtime 1582787715.50319
File /Users/quanle/PythonWeb/mysite/env/lib/python3.6/site-packages/sqlparse/formatter.py first seen with mtime 1582787713.09134
File /Users/quanle/PythonWeb/mysite/env/lib/python3.6/site-packages/validators/mac_address.py first seen with mtime 1583211295.660948
File /Users/quanle/PythonWeb/mysite/env/lib/python3.6/site-packages/django/views/generic/__init__.py first seen with mtime 1582787716.281644
File /Users/quanle/PythonWeb/mysite/env/lib/python3.6/site-packages/bson/codec_options.py first seen with mtime 1582787713.177706
File /Users/quanle/PythonWeb/mysite/env/lib/python3.6/site-packages/django/db/backends/utils.py first seen with mtime 1582787716.174597
File /Users/quanle/PythonWeb/mysite/env/lib/python3.6/site-packages/djongo/__init__.py first seen with mtime 1582787721.551577
File /Users/quanle/PythonWeb/mysite/env/lib/python3.6/site-packages/sqlparse/engine/filter_stack.py first seen with mtime 1582787713.093593
File /Users/quanle/PythonWeb/mysite/env/lib/python3.6/site-packages/django/template/defaulttags.py first seen with mtime 1582787716.246381
File /Users/quanle/PythonWeb/mysite/env/lib/python3.6/site-packages/django/urls/utils.py first seen with mtime 1582787716.26011
File /Users/quanle/PythonWeb/mysite/env/lib/python3.6/site-packages/sqlparse/engine/statement_splitter.py first seen with mtime 1582787713.094221
File /Users/quanle/PythonWeb/mysite/env/lib/python3.6/site-packages/pymongo/change_stream.py first seen with mtime 1582787713.186141
File /Users/quanle/PythonWeb/mysite/env/lib/python3.6/site-packages/validators/uuid.py first seen with mtime 1583211295.662729
File /Library/Frameworks/Python.framework/Versions/3.6/lib/python3.6/copyreg.py first seen with mtime 1545635094.0
File /Users/quanle/PythonWeb/mysite/env/lib/python3.6/site-packages/django/shortcuts.py first seen with mtime 1582787714.971096
File /Users/quanle/PythonWeb/mysite/env/lib/python3.6/site-packages/django/contrib/messages/storage/__init__.py first seen with mtime 1582787715.840363
File /Library/Frameworks/Python.framework/Versions/3.6/lib/python3.6/bisect.py first seen with mtime 1545635094.0
File /Users/quanle/PythonWeb/mysite/env/lib/python3.6/site-packages/django/template/loader.py first seen with mtime 1582787716.247657
File /Users/quanle/PythonWeb/mysite/env/lib/python3.6/site-packages/django/contrib/auth/forms.py first seen with mtime 1582787715.419045
File /Users/quanle/PythonWeb/mysite/env/lib/python3.6/site-packages/django/db/backends/base/operations.py first seen with mtime 1582787716.177109
File /Users/quanle/PythonWeb/mysite/env/lib/python3.6/site-packages/django/forms/models.py first seen with mtime 1582787716.221159
File /Library/Frameworks/Python.framework/Versions/3.6/lib/python3.6/socketserver.py first seen with mtime 1545635094.0
File /Users/quanle/PythonWeb/mysite/env/lib/python3.6/site-packages/pymongo/_cmessage.cpython-36m-darwin.so first seen with mtime 1582787713.184594
File /Users/quanle/PythonWeb/mysite/env/lib/python3.6/site-packages/django/core/management/color.py first seen with mtime 1582787716.159367
File /Users/quanle/PythonWeb/mysite/env/lib/python3.6/site-packages/pymongo/compression_support.py first seen with mtime 1582787713.189178
File /Users/quanle/PythonWeb/mysite/env/lib/python3.6/site-packages/pymongo/write_concern.py first seen with mtime 1582787713.204262
File /Users/quanle/PythonWeb/mysite/env/lib/python3.6/site-packages/django/contrib/contenttypes/management/__init__.py first seen with mtime 1582787715.567799
File /Users/quanle/PythonWeb/mysite/env/lib/python3.6/site-packages/djongo/schema.py first seen with mtime 1582787721.555165
File /Users/quanle/PythonWeb/mysite/env/lib/python3.6/site-packages/django/utils/html.py first seen with mtime 1582787716.267496
File /Users/quanle/PythonWeb/mysite/env/lib/python3.6/site-packages/sqlparse/engine/grouping.py first seen with mtime 1582787713.094581
File /Library/Frameworks/Python.framework/Versions/3.6/lib/python3.6/lib-dynload/_bz2.cpython-36m-darwin.so first seen with mtime 1545635084.0
File /Users/quanle/PythonWeb/mysite/env/lib/python3.6/site-packages/django/utils/__init__.py first seen with mtime 1582787716.26037
File /Users/quanle/PythonWeb/mysite/env/lib/python3.6/site-packages/validators/extremes.py first seen with mtime 1583211295.659066
File /Library/Frameworks/Python.framework/Versions/3.6/lib/python3.6/typing.py first seen with mtime 1545635094.0
File /Users/quanle/PythonWeb/mysite/env/lib/python3.6/site-packages/django/contrib/auth/decorators.py first seen with mtime 1582787715.418721
File /Library/Frameworks/Python.framework/Versions/3.6/lib/python3.6/importlib/abc.py first seen with mtime 1545635097.0
File /Users/quanle/PythonWeb/mysite/env/lib/python3.6/site-packages/django/__init__.py first seen with mtime 1582787714.970459
File /Library/Frameworks/Python.framework/Versions/3.6/lib/python3.6/platform.py first seen with mtime 1545635094.0
File /Users/quanle/PythonWeb/mysite/env/lib/python3.6/site-packages/django/core/cache/__init__.py first seen with mtime 1582787716.142736
File /Users/quanle/PythonWeb/mysite/env/lib/python3.6/site-packages/django/db/models/lookups.py first seen with mtime 1582787716.205978
File /Users/quanle/PythonWeb/mysite/env/lib/python3.6/site-packages/pytz/__init__.py first seen with mtime 1582699928.773452
File /Users/quanle/PythonWeb/mysite/env/lib/python3.6/site-packages/django/template/backends/base.py first seen with mtime 1582787716.24971
File /Users/quanle/PythonWeb/mysite/env/lib/python3.6/site-packages/pymongo/server_selectors.py first seen with mtime 1582787713.200232
File /Library/Frameworks/Python.framework/Versions/3.6/lib/python3.6/xml/__init__.py first seen with mtime 1545635097.0
File /Library/Frameworks/Python.framework/Versions/3.6/lib/python3.6/json/scanner.py first seen with mtime 1545635096.0
File /Users/quanle/PythonWeb/mysite/env/lib/python3.6/site-packages/djongo/creation.py first seen with mtime 1582787721.552952
File /Library/Frameworks/Python.framework/Versions/3.6/lib/python3.6/struct.py first seen with mtime 1545635094.0
File /Users/quanle/PythonWeb/mysite/GmoPanel/GmoPanel/settings.py first seen with mtime 1583217216.2751408
File /Library/Frameworks/Python.framework/Versions/3.6/lib/python3.6/lib-dynload/zlib.cpython-36m-darwin.so first seen with mtime 1545635083.0
File /Users/quanle/PythonWeb/mysite/GmoPanel/websiteManager/urls.py first seen with mtime 1583205719.9329648
File /Users/quanle/PythonWeb/mysite/env/lib/python3.6/site-packages/psutil/__init__.py first seen with mtime 1583114834.356927
File /Users/quanle/PythonWeb/mysite/env/lib/python3.6/site-packages/django/contrib/staticfiles/finders.py first seen with mtime 1582787716.135318
File /Users/quanle/PythonWeb/mysite/GmoPanel/manage.py first seen with mtime 1582857116.63393
File /Users/quanle/PythonWeb/mysite/env/lib/python3.6/site-packages/django/template/smartif.py first seen with mtime 1582787716.248649
File /Library/Frameworks/Python.framework/Versions/3.6/lib/python3.6/collections/abc.py first seen with mtime 1545635096.0
File /Users/quanle/PythonWeb/mysite/env/lib/python3.6/site-packages/bson/py3compat.py first seen with mtime 1582787713.180709
File /Users/quanle/PythonWeb/mysite/env/lib/python3.6/site-packages/django/contrib/auth/hashers.py first seen with mtime 1582787715.419462
File /Users/quanle/PythonWeb/mysite/env/lib/python3.6/site-packages/django/core/files/uploadedfile.py first seen with mtime 1582787716.15296
File /Users/quanle/PythonWeb/mysite/env/lib/python3.6/site-packages/django/contrib/messages/constants.py first seen with mtime 1582787715.838643
File /Users/quanle/PythonWeb/mysite/env/lib/python3.6/site-packages/django/db/models/aggregates.py first seen with mtime 1582787716.203057
File /Users/quanle/PythonWeb/mysite/env/lib/python3.6/site-packages/bson/binary.py first seen with mtime 1582787713.177071
File /Users/quanle/PythonWeb/mysite/env/lib/python3.6/site-packages/django/dispatch/dispatcher.py first seen with mtime 1582787716.2184
File /Users/quanle/PythonWeb/mysite/env/lib/python3.6/site-packages/django/core/handlers/__init__.py first seen with mtime 1582787716.15403
File /Library/Frameworks/Python.framework/Versions/3.6/lib/python3.6/lib-dynload/_blake2.cpython-36m-darwin.so first seen with mtime 1545635081.0
File /Users/quanle/PythonWeb/mysite/env/lib/python3.6/site-packages/pymongo/topology_description.py first seen with mtime 1582787713.203508
File /Library/Frameworks/Python.framework/Versions/3.6/lib/python3.6/lzma.py first seen with mtime 1545635094.0
File /Users/quanle/PythonWeb/mysite/env/lib/python3.6/site-packages/sqlparse/lexer.py first seen with mtime 1582787713.093213
File /Users/quanle/PythonWeb/mysite/env/lib/python3.6/site-packages/django/contrib/auth/base_user.py first seen with mtime 1582787715.417248
File /Library/Frameworks/Python.framework/Versions/3.6/lib/python3.6/importlib/util.py first seen with mtime 1545635097.0
File /Users/quanle/PythonWeb/mysite/env/lib/python3.6/site-packages/django/templatetags/static.py first seen with mtime 1582787716.254208
File /Library/Frameworks/Python.framework/Versions/3.6/lib/python3.6/email/errors.py first seen with mtime 1545635096.0
File /Users/quanle/PythonWeb/mysite/env/lib/python3.6/site-packages/django/utils/safestring.py first seen with mtime 1582787716.271692
File /Users/quanle/PythonWeb/mysite/env/lib/python3.6/site-packages/django/utils/dateformat.py first seen with mtime 1582787716.263133
File /Users/quanle/PythonWeb/mysite/env/lib/python3.6/site-packages/sqlparse/tokens.py first seen with mtime 1582787713.090015
File /Users/quanle/PythonWeb/mysite/env/lib/python3.6/site-packages/psutil/_compat.py first seen with mtime 1583114834.357841
File /Users/quanle/PythonWeb/mysite/env/lib/python3.6/site-packages/django/core/mail/message.py first seen with mtime 1582787716.155717
File /Users/quanle/PythonWeb/mysite/env/lib/python3.6/site-packages/django/contrib/staticfiles/apps.py first seen with mtime 1582787716.134741
File /Library/Frameworks/Python.framework/Versions/3.6/lib/python3.6/html/parser.py first seen with mtime 1545635096.0
File /Library/Frameworks/Python.framework/Versions/3.6/lib/python3.6/ctypes/macholib/dyld.py first seen with mtime 1545635097.0
File /Library/Frameworks/Python.framework/Versions/3.6/lib/python3.6/lib-dynload/_random.cpython-36m-darwin.so first seen with mtime 1545635074.0
File /Library/Frameworks/Python.framework/Versions/3.6/lib/python3.6/locale.py first seen with mtime 1545635094.0
File /Library/Frameworks/Python.framework/Versions/3.6/lib/python3.6/reprlib.py first seen with mtime 1545635094.0
File /Users/quanle/PythonWeb/mysite/env/lib/python3.6/site-packages/django/db/models/functions/text.py first seen with mtime 1582787716.214002
File /Users/quanle/PythonWeb/mysite/env/lib/python3.6/site-packages/django/contrib/__init__.py first seen with mtime 1582787715.118545
File /Library/Frameworks/Python.framework/Versions/3.6/lib/python3.6/lib-dynload/_sha3.cpython-36m-darwin.so first seen with mtime 1545635082.0
File /Users/quanle/PythonWeb/mysite/env/lib/python3.6/site-packages/django/db/utils.py first seen with mtime 1582787716.173301
File /Users/quanle/PythonWeb/mysite/env/lib/python3.6/site-packages/django/utils/http.py first seen with mtime 1582787716.26787
File /Library/Frameworks/Python.framework/Versions/3.6/lib/python3.6/lib-dynload/_struct.cpython-36m-darwin.so first seen with mtime 1545635072.0
File /Users/quanle/PythonWeb/mysite/env/lib/python3.6/site-packages/sqlparse/keywords.py first seen with mtime 1582787713.08964
File /Users/quanle/PythonWeb/mysite/env/lib/python3.6/site-packages/django/core/checks/__init__.py first seen with mtime 1582787716.146001
File /Library/Frameworks/Python.framework/Versions/3.6/lib/python3.6/gzip.py first seen with mtime 1545635094.0
File /Users/quanle/PythonWeb/mysite/env/lib/python3.6/site-packages/django/core/mail/utils.py first seen with mtime 1582787716.155999
File /Users/quanle/PythonWeb/mysite/env/lib/python3.6/site-packages/pymongo/cursor.py first seen with mtime 1582787713.189713
File /Users/quanle/PythonWeb/mysite/env/lib/python3.6/site-packages/django/template/base.py first seen with mtime 1582787716.24472
File /Library/Frameworks/Python.framework/Versions/3.6/lib/python3.6/wsgiref/simple_server.py first seen with mtime 1545635096.0
File /Users/quanle/PythonWeb/mysite/env/lib/python3.6/site-packages/django/core/handlers/base.py first seen with mtime 1582787716.154335
File /Users/quanle/PythonWeb/mysite/env/lib/python3.6/site-packages/django/forms/__init__.py first seen with mtime 1582787716.219036
File /Library/Frameworks/Python.framework/Versions/3.6/lib/python3.6/importlib/__init__.py first seen with mtime 1545635097.0
File /Users/quanle/PythonWeb/mysite/env/lib/python3.6/site-packages/psutil/_common.py first seen with mtime 1583114834.357451
File /Users/quanle/PythonWeb/mysite/env/lib/python3.6/site-packages/bson/tz_util.py first seen with mtime 1582787713.182739
File /Library/Frameworks/Python.framework/Versions/3.6/lib/python3.6/lib-dynload/_posixsubprocess.cpython-36m-darwin.so first seen with mtime 1545635079.0
File /Users/quanle/PythonWeb/mysite/env/lib/python3.6/site-packages/django/urls/resolvers.py first seen with mtime 1582787716.259742
File /Users/quanle/PythonWeb/mysite/env/lib/python3.6/site-packages/pytz/tzinfo.py first seen with mtime 1582699928.777411
File /Users/quanle/PythonWeb/mysite/env/lib/python3.6/site-packages/django/utils/baseconv.py first seen with mtime 1582787716.261786
File /Library/Frameworks/Python.framework/Versions/3.6/lib/python3.6/email/_header_value_parser.py first seen with mtime 1545635096.0
File /Users/quanle/PythonWeb/mysite/env/lib/python3.6/site-packages/pymongo/driver_info.py first seen with mtime 1582787713.191175
File /Users/quanle/PythonWeb/mysite/env/lib/python3.6/site-packages/bson/min_key.py first seen with mtime 1582787713.180111
File /Users/quanle/PythonWeb/mysite/env/lib/python3.6/site-packages/djongo/sql2mongo/query.py first seen with mtime 1582787721.569959
File /Library/Frameworks/Python.framework/Versions/3.6/lib/python3.6/functools.py first seen with mtime 1545635094.0
File /Users/quanle/PythonWeb/mysite/env/lib/python3.6/site-packages/djongo/cursor.py first seen with mtime 1582787721.553363
File /Users/quanle/PythonWeb/mysite/env/lib/python3.6/site-packages/django/forms/forms.py first seen with mtime 1582787716.22031
File /Users/quanle/PythonWeb/mysite/env/lib/python3.6/site-packages/django/contrib/auth/admin.py first seen with mtime 1582787715.416266
File /Users/quanle/PythonWeb/mysite/env/lib/python3.6/site-packages/django/core/servers/__init__.py first seen with mtime 1582787716.171939
File /Users/quanle/PythonWeb/mysite/env/lib/python3.6/site-packages/django/contrib/messages/apps.py first seen with mtime 1582787715.838253
File /Library/Frameworks/Python.framework/Versions/3.6/lib/python3.6/dis.py first seen with mtime 1545635094.0
File /Users/quanle/PythonWeb/mysite/env/lib/python3.6/site-packages/django/db/models/fields/__init__.py first seen with mtime 1582787716.20907
File /Users/quanle/PythonWeb/mysite/env/lib/python3.6/site-packages/django/contrib/admin/helpers.py first seen with mtime 1582787715.121875
File /Users/quanle/PythonWeb/mysite/env/lib/python3.6/site-packages/djongo/sql2mongo/operators.py first seen with mtime 1582787721.569523
File /Library/Frameworks/Python.framework/Versions/3.6/lib/python3.6/email/_policybase.py first seen with mtime 1545635096.0
File /Library/Frameworks/Python.framework/Versions/3.6/lib/python3.6/gettext.py first seen with mtime 1545635094.0
File /Library/Frameworks/Python.framework/Versions/3.6/lib/python3.6/xml/parsers/__init__.py first seen with mtime 1545635097.0
File /Users/quanle/PythonWeb/mysite/env/lib/python3.6/site-packages/django/utils/timesince.py first seen with mtime 1582787716.273258
File /Users/quanle/PythonWeb/mysite/env/lib/python3.6/site-packages/django/contrib/admin/locale/sl/LC_MESSAGES/django.mo first seen with mtime 1582787715.253304
File /Users/quanle/PythonWeb/mysite/env/lib/python3.6/site-packages/django/contrib/admin/locale/sl/LC_MESSAGES/djangojs.mo first seen with mtime 1582787715.254014
File /Users/quanle/PythonWeb/mysite/env/lib/python3.6/site-packages/django/contrib/admin/locale/sk/LC_MESSAGES/django.mo first seen with mtime 1582787715.251615
File /Users/quanle/PythonWeb/mysite/env/lib/python3.6/site-packages/django/contrib/admin/locale/sk/LC_MESSAGES/djangojs.mo first seen with mtime 1582787715.252399
File /Users/quanle/PythonWeb/mysite/env/lib/python3.6/site-packages/django/contrib/admin/locale/ur/LC_MESSAGES/django.mo first seen with mtime 1582787715.273589
File /Users/quanle/PythonWeb/mysite/env/lib/python3.6/site-packages/django/contrib/admin/locale/ur/LC_MESSAGES/djangojs.mo first seen with mtime 1582787715.274289
File /Users/quanle/PythonWeb/mysite/env/lib/python3.6/site-packages/django/contrib/admin/locale/sw/LC_MESSAGES/django.mo first seen with mtime 1582787715.26122
File /Users/quanle/PythonWeb/mysite/env/lib/python3.6/site-packages/django/contrib/admin/locale/sw/LC_MESSAGES/djangojs.mo first seen with mtime 1582787715.262014
File /Users/quanle/PythonWeb/mysite/env/lib/python3.6/site-packages/django/contrib/admin/locale/kab/LC_MESSAGES/django.mo first seen with mtime 1582787715.214448
File /Users/quanle/PythonWeb/mysite/env/lib/python3.6/site-packages/django/contrib/admin/locale/kab/LC_MESSAGES/djangojs.mo first seen with mtime 1582787715.215201
File /Users/quanle/PythonWeb/mysite/env/lib/python3.6/site-packages/django/contrib/admin/locale/pl/LC_MESSAGES/django.mo first seen with mtime 1582787715.243863
File /Users/quanle/PythonWeb/mysite/env/lib/python3.6/site-packages/django/contrib/admin/locale/pl/LC_MESSAGES/djangojs.mo first seen with mtime 1582787715.244542
File /Users/quanle/PythonWeb/mysite/env/lib/python3.6/site-packages/django/contrib/admin/locale/vi/LC_MESSAGES/django.mo first seen with mtime 1582787715.275171
File /Users/quanle/PythonWeb/mysite/env/lib/python3.6/site-packages/django/contrib/admin/locale/vi/LC_MESSAGES/djangojs.mo first seen with mtime 1582787715.27587
File /Users/quanle/PythonWeb/mysite/env/lib/python3.6/site-packages/django/contrib/admin/locale/sq/LC_MESSAGES/django.mo first seen with mtime 1582787715.254899
File /Users/quanle/PythonWeb/mysite/env/lib/python3.6/site-packages/django/contrib/admin/locale/sq/LC_MESSAGES/djangojs.mo first seen with mtime 1582787715.255574
File /Users/quanle/PythonWeb/mysite/env/lib/python3.6/site-packages/django/contrib/admin/locale/sv/LC_MESSAGES/django.mo first seen with mtime 1582787715.259696
File /Users/quanle/PythonWeb/mysite/env/lib/python3.6/site-packages/django/contrib/admin/locale/sv/LC_MESSAGES/djangojs.mo first seen with mtime 1582787715.260432
File /Users/quanle/PythonWeb/mysite/env/lib/python3.6/site-packages/django/contrib/admin/locale/ga/LC_MESSAGES/django.mo first seen with mtime 1582787715.185625
File /Users/quanle/PythonWeb/mysite/env/lib/python3.6/site-packages/django/contrib/admin/locale/ga/LC_MESSAGES/djangojs.mo first seen with mtime 1582787715.186411
File /Users/quanle/PythonWeb/mysite/env/lib/python3.6/site-packages/django/contrib/admin/locale/he/LC_MESSAGES/django.mo first seen with mtime 1582787715.191221
File /Users/quanle/PythonWeb/mysite/env/lib/python3.6/site-packages/django/contrib/admin/locale/he/LC_MESSAGES/djangojs.mo first seen with mtime 1582787715.192245
File /Users/quanle/PythonWeb/mysite/env/lib/python3.6/site-packages/django/contrib/admin/locale/km/LC_MESSAGES/django.mo first seen with mtime 1582787715.217788
File /Users/quanle/PythonWeb/mysite/env/lib/python3.6/site-packages/django/contrib/admin/locale/km/LC_MESSAGES/djangojs.mo first seen with mtime 1582787715.218513
File /Users/quanle/PythonWeb/mysite/env/lib/python3.6/site-packages/django/contrib/admin/locale/udm/LC_MESSAGES/django.mo first seen with mtime 1582787715.270347
File /Users/quanle/PythonWeb/mysite/env/lib/python3.6/site-packages/django/contrib/admin/locale/udm/LC_MESSAGES/djangojs.mo first seen with mtime 1582787715.271042
File /Users/quanle/PythonWeb/mysite/env/lib/python3.6/site-packages/django/contrib/admin/locale/hy/LC_MESSAGES/django.mo first seen with mtime 1582787715.200449
File /Users/quanle/PythonWeb/mysite/env/lib/python3.6/site-packages/django/contrib/admin/locale/hy/LC_MESSAGES/djangojs.mo first seen with mtime 1582787715.201301
File /Users/quanle/PythonWeb/mysite/env/lib/python3.6/site-packages/django/contrib/admin/locale/am/LC_MESSAGES/django.mo first seen with mtime 1582787715.127933
File /Users/quanle/PythonWeb/mysite/env/lib/python3.6/site-packages/django/contrib/admin/locale/nn/LC_MESSAGES/django.mo first seen with mtime 1582787715.23931
File /Users/quanle/PythonWeb/mysite/env/lib/python3.6/site-packages/django/contrib/admin/locale/nn/LC_MESSAGES/djangojs.mo first seen with mtime 1582787715.239995
File /Users/quanle/PythonWeb/mysite/env/lib/python3.6/site-packages/django/contrib/admin/locale/be/LC_MESSAGES/django.mo first seen with mtime 1582787715.134272
File /Users/quanle/PythonWeb/mysite/env/lib/python3.6/site-packages/django/contrib/admin/locale/be/LC_MESSAGES/djangojs.mo first seen with mtime 1582787715.135064
File /Users/quanle/PythonWeb/mysite/env/lib/python3.6/site-packages/django/contrib/admin/locale/da/LC_MESSAGES/django.mo first seen with mtime 1582787715.14949
File /Users/quanle/PythonWeb/mysite/env/lib/python3.6/site-packages/django/contrib/admin/locale/da/LC_MESSAGES/djangojs.mo first seen with mtime 1582787715.150382
File /Users/quanle/PythonWeb/mysite/env/lib/python3.6/site-packages/django/contrib/admin/locale/mr/LC_MESSAGES/django.mo first seen with mtime 1582787715.231765
File /Users/quanle/PythonWeb/mysite/env/lib/python3.6/site-packages/django/contrib/admin/locale/mr/LC_MESSAGES/djangojs.mo first seen with mtime 1582787715.232387
File /Users/quanle/PythonWeb/mysite/env/lib/python3.6/site-packages/django/contrib/admin/locale/kk/LC_MESSAGES/django.mo first seen with mtime 1582787715.21619
File /Users/quanle/PythonWeb/mysite/env/lib/python3.6/site-packages/django/contrib/admin/locale/kk/LC_MESSAGES/djangojs.mo first seen with mtime 1582787715.216972
File /Users/quanle/PythonWeb/mysite/env/lib/python3.6/site-packages/django/contrib/admin/locale/mn/LC_MESSAGES/django.mo first seen with mtime 1582787715.230221
File /Users/quanle/PythonWeb/mysite/env/lib/python3.6/site-packages/django/contrib/admin/locale/mn/LC_MESSAGES/djangojs.mo first seen with mtime 1582787715.23089
File /Users/quanle/PythonWeb/mysite/env/lib/python3.6/site-packages/django/contrib/admin/locale/pt_BR/LC_MESSAGES/django.mo first seen with mtime 1582787715.246929
File /Users/quanle/PythonWeb/mysite/env/lib/python3.6/site-packages/django/contrib/admin/locale/pt_BR/LC_MESSAGES/djangojs.mo first seen with mtime 1582787715.247616
File /Users/quanle/PythonWeb/mysite/env/lib/python3.6/site-packages/django/contrib/admin/locale/es_CO/LC_MESSAGES/django.mo first seen with mtime 1582787715.168938
File /Users/quanle/PythonWeb/mysite/env/lib/python3.6/site-packages/django/contrib/admin/locale/es_CO/LC_MESSAGES/djangojs.mo first seen with mtime 1582787715.169915
File /Users/quanle/PythonWeb/mysite/env/lib/python3.6/site-packages/django/contrib/admin/locale/ja/LC_MESSAGES/django.mo first seen with mtime 1582787715.21115
File /Users/quanle/PythonWeb/mysite/env/lib/python3.6/site-packages/django/contrib/admin/locale/ja/LC_MESSAGES/djangojs.mo first seen with mtime 1582787715.212016
File /Users/quanle/PythonWeb/mysite/env/lib/python3.6/site-packages/django/contrib/admin/locale/el/LC_MESSAGES/django.mo first seen with mtime 1582787715.154911
File /Users/quanle/PythonWeb/mysite/env/lib/python3.6/site-packages/django/contrib/admin/locale/el/LC_MESSAGES/djangojs.mo first seen with mtime 1582787715.155742
File /Users/quanle/PythonWeb/mysite/env/lib/python3.6/site-packages/django/contrib/admin/locale/lv/LC_MESSAGES/django.mo first seen with mtime 1582787715.225528
File /Users/quanle/PythonWeb/mysite/env/lib/python3.6/site-packages/django/contrib/admin/locale/lv/LC_MESSAGES/djangojs.mo first seen with mtime 1582787715.226218
File /Users/quanle/PythonWeb/mysite/env/lib/python3.6/site-packages/django/contrib/admin/locale/fy/LC_MESSAGES/django.mo first seen with mtime 1582787715.184139
File /Users/quanle/PythonWeb/mysite/env/lib/python3.6/site-packages/django/contrib/admin/locale/fy/LC_MESSAGES/djangojs.mo first seen with mtime 1582787715.184822
File /Users/quanle/PythonWeb/mysite/env/lib/python3.6/site-packages/django/contrib/admin/locale/lb/LC_MESSAGES/django.mo first seen with mtime 1582787715.2226
File /Users/quanle/PythonWeb/mysite/env/lib/python3.6/site-packages/django/contrib/admin/locale/lb/LC_MESSAGES/djangojs.mo first seen with mtime 1582787715.223206
File /Users/quanle/PythonWeb/mysite/env/lib/python3.6/site-packages/django/contrib/admin/locale/it/LC_MESSAGES/django.mo first seen with mtime 1582787715.209438
File /Users/quanle/PythonWeb/mysite/env/lib/python3.6/site-packages/django/contrib/admin/locale/it/LC_MESSAGES/djangojs.mo first seen with mtime 1582787715.21021
File /Users/quanle/PythonWeb/mysite/env/lib/python3.6/site-packages/django/contrib/admin/locale/ca/LC_MESSAGES/django.mo first seen with mtime 1582787715.143494
File /Users/quanle/PythonWeb/mysite/env/lib/python3.6/site-packages/django/contrib/admin/locale/ca/LC_MESSAGES/djangojs.mo first seen with mtime 1582787715.144321
File /Users/quanle/PythonWeb/mysite/env/lib/python3.6/site-packages/django/contrib/admin/locale/is/LC_MESSAGES/django.mo first seen with mtime 1582787715.207659
File /Users/quanle/PythonWeb/mysite/env/lib/python3.6/site-packages/django/contrib/admin/locale/is/LC_MESSAGES/djangojs.mo first seen with mtime 1582787715.208431
File /Users/quanle/PythonWeb/mysite/env/lib/python3.6/site-packages/django/contrib/admin/locale/cs/LC_MESSAGES/django.mo first seen with mtime 1582787715.145422
File /Users/quanle/PythonWeb/mysite/env/lib/python3.6/site-packages/django/contrib/admin/locale/cs/LC_MESSAGES/djangojs.mo first seen with mtime 1582787715.146324
File /Users/quanle/PythonWeb/mysite/env/lib/python3.6/site-packages/django/contrib/admin/locale/ia/LC_MESSAGES/django.mo first seen with mtime 1582787715.202258
File /Users/quanle/PythonWeb/mysite/env/lib/python3.6/site-packages/django/contrib/admin/locale/ia/LC_MESSAGES/djangojs.mo first seen with mtime 1582787715.203108
File /Users/quanle/PythonWeb/mysite/env/lib/python3.6/site-packages/django/contrib/admin/locale/io/LC_MESSAGES/django.mo first seen with mtime 1582787715.205976
File /Users/quanle/PythonWeb/mysite/env/lib/python3.6/site-packages/django/contrib/admin/locale/io/LC_MESSAGES/djangojs.mo first seen with mtime 1582787715.206793
File /Users/quanle/PythonWeb/mysite/env/lib/python3.6/site-packages/django/contrib/admin/locale/te/LC_MESSAGES/django.mo first seen with mtime 1582787715.264282
File /Users/quanle/PythonWeb/mysite/env/lib/python3.6/site-packages/django/contrib/admin/locale/te/LC_MESSAGES/djangojs.mo first seen with mtime 1582787715.264985
File /Users/quanle/PythonWeb/mysite/env/lib/python3.6/site-packages/django/contrib/admin/locale/zh_Hans/LC_MESSAGES/django.mo first seen with mtime 1582787715.276643
File /Users/quanle/PythonWeb/mysite/env/lib/python3.6/site-packages/django/contrib/admin/locale/zh_Hans/LC_MESSAGES/djangojs.mo first seen with mtime 1582787715.277345
File /Users/quanle/PythonWeb/mysite/env/lib/python3.6/site-packages/django/contrib/admin/locale/ru/LC_MESSAGES/django.mo first seen with mtime 1582787715.250119
File /Users/quanle/PythonWeb/mysite/env/lib/python3.6/site-packages/django/contrib/admin/locale/ru/LC_MESSAGES/djangojs.mo first seen with mtime 1582787715.250814
File /Users/quanle/PythonWeb/mysite/env/lib/python3.6/site-packages/django/contrib/admin/locale/zh_Hant/LC_MESSAGES/django.mo first seen with mtime 1582787715.278257
File /Users/quanle/PythonWeb/mysite/env/lib/python3.6/site-packages/django/contrib/admin/locale/zh_Hant/LC_MESSAGES/djangojs.mo first seen with mtime 1582787715.278968
File /Users/quanle/PythonWeb/mysite/env/lib/python3.6/site-packages/django/contrib/admin/locale/ro/LC_MESSAGES/django.mo first seen with mtime 1582787715.248449
File /Users/quanle/PythonWeb/mysite/env/lib/python3.6/site-packages/django/contrib/admin/locale/ro/LC_MESSAGES/djangojs.mo first seen with mtime 1582787715.249174
File /Users/quanle/PythonWeb/mysite/env/lib/python3.6/site-packages/django/contrib/admin/locale/hsb/LC_MESSAGES/django.mo first seen with mtime 1582787715.196802
File /Users/quanle/PythonWeb/mysite/env/lib/python3.6/site-packages/django/contrib/admin/locale/hsb/LC_MESSAGES/djangojs.mo first seen with mtime 1582787715.197694
File /Users/quanle/PythonWeb/mysite/env/lib/python3.6/site-packages/django/contrib/admin/locale/pt/LC_MESSAGES/django.mo first seen with mtime 1582787715.245336
File /Users/quanle/PythonWeb/mysite/env/lib/python3.6/site-packages/django/contrib/admin/locale/pt/LC_MESSAGES/djangojs.mo first seen with mtime 1582787715.246023
File /Users/quanle/PythonWeb/mysite/env/lib/python3.6/site-packages/django/contrib/admin/locale/uk/LC_MESSAGES/django.mo first seen with mtime 1582787715.271982
File /Users/quanle/PythonWeb/mysite/env/lib/python3.6/site-packages/django/contrib/admin/locale/uk/LC_MESSAGES/djangojs.mo first seen with mtime 1582787715.272691
File /Users/quanle/PythonWeb/mysite/env/lib/python3.6/site-packages/django/contrib/admin/locale/sr/LC_MESSAGES/django.mo first seen with mtime 1582787715.256468
File /Users/quanle/PythonWeb/mysite/env/lib/python3.6/site-packages/django/contrib/admin/locale/sr/LC_MESSAGES/djangojs.mo first seen with mtime 1582787715.257164
File /Users/quanle/PythonWeb/mysite/env/lib/python3.6/site-packages/django/contrib/admin/locale/es_VE/LC_MESSAGES/django.mo first seen with mtime 1582787715.172904
File /Users/quanle/PythonWeb/mysite/env/lib/python3.6/site-packages/django/contrib/admin/locale/es_VE/LC_MESSAGES/djangojs.mo first seen with mtime 1582787715.173854
File /Users/quanle/PythonWeb/mysite/env/lib/python3.6/site-packages/django/contrib/admin/locale/en_AU/LC_MESSAGES/django.mo first seen with mtime 1582787715.159019
File /Users/quanle/PythonWeb/mysite/env/lib/python3.6/site-packages/django/contrib/admin/locale/en_AU/LC_MESSAGES/djangojs.mo first seen with mtime 1582787715.159995
File /Users/quanle/PythonWeb/mysite/env/lib/python3.6/site-packages/django/contrib/admin/locale/pa/LC_MESSAGES/django.mo first seen with mtime 1582787715.242384
File /Users/quanle/PythonWeb/mysite/env/lib/python3.6/site-packages/django/contrib/admin/locale/pa/LC_MESSAGES/djangojs.mo first seen with mtime 1582787715.243029
File /Users/quanle/PythonWeb/mysite/env/lib/python3.6/site-packages/django/contrib/admin/locale/en_GB/LC_MESSAGES/django.mo first seen with mtime 1582787715.161316
File /Users/quanle/PythonWeb/mysite/env/lib/python3.6/site-packages/django/contrib/admin/locale/en_GB/LC_MESSAGES/djangojs.mo first seen with mtime 1582787715.162399
File /Users/quanle/PythonWeb/mysite/env/lib/python3.6/site-packages/django/contrib/admin/locale/ml/LC_MESSAGES/django.mo first seen with mtime 1582787715.228708
File /Users/quanle/PythonWeb/mysite/env/lib/python3.6/site-packages/django/contrib/admin/locale/ml/LC_MESSAGES/djangojs.mo first seen with mtime 1582787715.229419
File /Users/quanle/PythonWeb/mysite/env/lib/python3.6/site-packages/django/contrib/admin/locale/es_MX/LC_MESSAGES/django.mo first seen with mtime 1582787715.170959
File /Users/quanle/PythonWeb/mysite/env/lib/python3.6/site-packages/django/contrib/admin/locale/es_MX/LC_MESSAGES/djangojs.mo first seen with mtime 1582787715.171832
File /Users/quanle/PythonWeb/mysite/env/lib/python3.6/site-packages/django/contrib/admin/locale/mk/LC_MESSAGES/django.mo first seen with mtime 1582787715.227131
File /Users/quanle/PythonWeb/mysite/env/lib/python3.6/site-packages/django/contrib/admin/locale/mk/LC_MESSAGES/djangojs.mo first seen with mtime 1582787715.227803
File /Users/quanle/PythonWeb/mysite/env/lib/python3.6/site-packages/django/contrib/admin/locale/kn/LC_MESSAGES/django.mo first seen with mtime 1582787715.219403
File /Users/quanle/PythonWeb/mysite/env/lib/python3.6/site-packages/django/contrib/admin/locale/kn/LC_MESSAGES/djangojs.mo first seen with mtime 1582787715.220153
File /Users/quanle/PythonWeb/mysite/env/lib/python3.6/site-packages/django/contrib/admin/locale/bs/LC_MESSAGES/django.mo first seen with mtime 1582787715.141703
File /Users/quanle/PythonWeb/mysite/env/lib/python3.6/site-packages/django/contrib/admin/locale/bs/LC_MESSAGES/djangojs.mo first seen with mtime 1582787715.142606
File /Users/quanle/PythonWeb/mysite/env/lib/python3.6/site-packages/django/contrib/admin/locale/my/LC_MESSAGES/django.mo first seen with mtime 1582787715.233072
File /Users/quanle/PythonWeb/mysite/env/lib/python3.6/site-packages/django/contrib/admin/locale/my/LC_MESSAGES/djangojs.mo first seen with mtime 1582787715.233731
File /Users/quanle/PythonWeb/mysite/env/lib/python3.6/site-packages/django/contrib/admin/locale/ar/LC_MESSAGES/django.mo first seen with mtime 1582787715.128932
File /Users/quanle/PythonWeb/mysite/env/lib/python3.6/site-packages/django/contrib/admin/locale/ar/LC_MESSAGES/djangojs.mo first seen with mtime 1582787715.129733
File /Users/quanle/PythonWeb/mysite/env/lib/python3.6/site-packages/django/contrib/admin/locale/gl/LC_MESSAGES/django.mo first seen with mtime 1582787715.189239
File /Users/quanle/PythonWeb/mysite/env/lib/python3.6/site-packages/django/contrib/admin/locale/gl/LC_MESSAGES/djangojs.mo first seen with mtime 1582787715.190208
File /Users/quanle/PythonWeb/mysite/env/lib/python3.6/site-packages/django/contrib/admin/locale/hr/LC_MESSAGES/django.mo first seen with mtime 1582787715.195127
File /Users/quanle/PythonWeb/mysite/env/lib/python3.6/site-packages/django/contrib/admin/locale/hr/LC_MESSAGES/djangojs.mo first seen with mtime 1582787715.195902
File /Users/quanle/PythonWeb/mysite/env/lib/python3.6/site-packages/django/contrib/admin/locale/hu/LC_MESSAGES/django.mo first seen with mtime 1582787715.198755
File /Users/quanle/PythonWeb/mysite/env/lib/python3.6/site-packages/django/contrib/admin/locale/hu/LC_MESSAGES/djangojs.mo first seen with mtime 1582787715.199535
File /Users/quanle/PythonWeb/mysite/env/lib/python3.6/site-packages/django/contrib/admin/locale/nl/LC_MESSAGES/django.mo first seen with mtime 1582787715.237738
File /Users/quanle/PythonWeb/mysite/env/lib/python3.6/site-packages/django/contrib/admin/locale/nl/LC_MESSAGES/djangojs.mo first seen with mtime 1582787715.23846
File /Users/quanle/PythonWeb/mysite/env/lib/python3.6/site-packages/django/contrib/admin/locale/bg/LC_MESSAGES/django.mo first seen with mtime 1582787715.136063
File /Users/quanle/PythonWeb/mysite/env/lib/python3.6/site-packages/django/contrib/admin/locale/bg/LC_MESSAGES/djangojs.mo first seen with mtime 1582787715.136918
File /Users/quanle/PythonWeb/mysite/env/lib/python3.6/site-packages/django/contrib/admin/locale/bn/LC_MESSAGES/django.mo first seen with mtime 1582787715.138084
File /Users/quanle/PythonWeb/mysite/env/lib/python3.6/site-packages/django/contrib/admin/locale/bn/LC_MESSAGES/djangojs.mo first seen with mtime 1582787715.138994
File /Users/quanle/PythonWeb/mysite/env/lib/python3.6/site-packages/django/contrib/admin/locale/es_AR/LC_MESSAGES/django.mo first seen with mtime 1582787715.167042
File /Users/quanle/PythonWeb/mysite/env/lib/python3.6/site-packages/django/contrib/admin/locale/es_AR/LC_MESSAGES/djangojs.mo first seen with mtime 1582787715.167829
File /Users/quanle/PythonWeb/mysite/env/lib/python3.6/site-packages/django/contrib/admin/locale/ne/LC_MESSAGES/django.mo first seen with mtime 1582787715.236018
File /Users/quanle/PythonWeb/mysite/env/lib/python3.6/site-packages/django/contrib/admin/locale/ne/LC_MESSAGES/djangojs.mo first seen with mtime 1582787715.236745
File /Users/quanle/PythonWeb/mysite/env/lib/python3.6/site-packages/django/contrib/admin/locale/ast/LC_MESSAGES/django.mo first seen with mtime 1582787715.130645
File /Users/quanle/PythonWeb/mysite/env/lib/python3.6/site-packages/django/contrib/admin/locale/ast/LC_MESSAGES/djangojs.mo first seen with mtime 1582787715.13152
File /Users/quanle/PythonWeb/mysite/env/lib/python3.6/site-packages/django/contrib/admin/locale/af/LC_MESSAGES/django.mo first seen with mtime 1582787715.12601
File /Users/quanle/PythonWeb/mysite/env/lib/python3.6/site-packages/django/contrib/admin/locale/af/LC_MESSAGES/djangojs.mo first seen with mtime 1582787715.126976
File /Users/quanle/PythonWeb/mysite/env/lib/python3.6/site-packages/django/contrib/admin/locale/nb/LC_MESSAGES/django.mo first seen with mtime 1582787715.23458
File /Users/quanle/PythonWeb/mysite/env/lib/python3.6/site-packages/django/contrib/admin/locale/nb/LC_MESSAGES/djangojs.mo first seen with mtime 1582787715.23526
File /Users/quanle/PythonWeb/mysite/env/lib/python3.6/site-packages/django/contrib/admin/locale/hi/LC_MESSAGES/django.mo first seen with mtime 1582787715.193216
File /Users/quanle/PythonWeb/mysite/env/lib/python3.6/site-packages/django/contrib/admin/locale/hi/LC_MESSAGES/djangojs.mo first seen with mtime 1582787715.194143
File /Users/quanle/PythonWeb/mysite/env/lib/python3.6/site-packages/django/contrib/admin/locale/ka/LC_MESSAGES/django.mo first seen with mtime 1582787715.212981
File /Users/quanle/PythonWeb/mysite/env/lib/python3.6/site-packages/django/contrib/admin/locale/ka/LC_MESSAGES/djangojs.mo first seen with mtime 1582787715.213682
File /Users/quanle/PythonWeb/mysite/env/lib/python3.6/site-packages/django/contrib/admin/locale/de/LC_MESSAGES/django.mo first seen with mtime 1582787715.151314
File /Users/quanle/PythonWeb/mysite/env/lib/python3.6/site-packages/django/contrib/admin/locale/de/LC_MESSAGES/djangojs.mo first seen with mtime 1582787715.152161
File /Users/quanle/PythonWeb/mysite/env/lib/python3.6/site-packages/django/contrib/admin/locale/az/LC_MESSAGES/django.mo first seen with mtime 1582787715.132396
File /Users/quanle/PythonWeb/mysite/env/lib/python3.6/site-packages/django/contrib/admin/locale/az/LC_MESSAGES/djangojs.mo first seen with mtime 1582787715.133205
File /Users/quanle/PythonWeb/mysite/env/lib/python3.6/site-packages/django/contrib/admin/locale/gd/LC_MESSAGES/django.mo first seen with mtime 1582787715.187424
File /Users/quanle/PythonWeb/mysite/env/lib/python3.6/site-packages/django/contrib/admin/locale/gd/LC_MESSAGES/djangojs.mo first seen with mtime 1582787715.188226
File /Users/quanle/PythonWeb/mysite/env/lib/python3.6/site-packages/django/contrib/admin/locale/br/LC_MESSAGES/django.mo first seen with mtime 1582787715.139871
File /Users/quanle/PythonWeb/mysite/env/lib/python3.6/site-packages/django/contrib/admin/locale/br/LC_MESSAGES/djangojs.mo first seen with mtime 1582787715.140652
File /Users/quanle/PythonWeb/mysite/env/lib/python3.6/site-packages/django/contrib/admin/locale/ko/LC_MESSAGES/django.mo first seen with mtime 1582787715.220978
File /Users/quanle/PythonWeb/mysite/env/lib/python3.6/site-packages/django/contrib/admin/locale/ko/LC_MESSAGES/djangojs.mo first seen with mtime 1582787715.221743
File /Users/quanle/PythonWeb/mysite/env/lib/python3.6/site-packages/django/contrib/admin/locale/fi/LC_MESSAGES/django.mo first seen with mtime 1582787715.180634
File /Users/quanle/PythonWeb/mysite/env/lib/python3.6/site-packages/django/contrib/admin/locale/fi/LC_MESSAGES/djangojs.mo first seen with mtime 1582787715.181517
File /Users/quanle/PythonWeb/mysite/env/lib/python3.6/site-packages/django/contrib/admin/locale/sr_Latn/LC_MESSAGES/django.mo first seen with mtime 1582787715.258072
File /Users/quanle/PythonWeb/mysite/env/lib/python3.6/site-packages/django/contrib/admin/locale/sr_Latn/LC_MESSAGES/djangojs.mo first seen with mtime 1582787715.258787
File /Users/quanle/PythonWeb/mysite/env/lib/python3.6/site-packages/django/contrib/admin/locale/os/LC_MESSAGES/django.mo first seen with mtime 1582787715.240841
File /Users/quanle/PythonWeb/mysite/env/lib/python3.6/site-packages/django/contrib/admin/locale/os/LC_MESSAGES/djangojs.mo first seen with mtime 1582787715.241536
File /Users/quanle/PythonWeb/mysite/env/lib/python3.6/site-packages/django/contrib/admin/locale/eo/LC_MESSAGES/django.mo first seen with mtime 1582787715.163484
File /Users/quanle/PythonWeb/mysite/env/lib/python3.6/site-packages/django/contrib/admin/locale/eo/LC_MESSAGES/djangojs.mo first seen with mtime 1582787715.16434
File /Users/quanle/PythonWeb/mysite/env/lib/python3.6/site-packages/django/contrib/admin/locale/id/LC_MESSAGES/django.mo first seen with mtime 1582787715.204122
File /Users/quanle/PythonWeb/mysite/env/lib/python3.6/site-packages/django/contrib/admin/locale/id/LC_MESSAGES/djangojs.mo first seen with mtime 1582787715.204936
File /Users/quanle/PythonWeb/mysite/env/lib/python3.6/site-packages/django/contrib/admin/locale/fr/LC_MESSAGES/django.mo first seen with mtime 1582787715.182441
File /Users/quanle/PythonWeb/mysite/env/lib/python3.6/site-packages/django/contrib/admin/locale/fr/LC_MESSAGES/djangojs.mo first seen with mtime 1582787715.183223
File /Users/quanle/PythonWeb/mysite/env/lib/python3.6/site-packages/django/contrib/admin/locale/es/LC_MESSAGES/django.mo first seen with mtime 1582787715.165356
File /Users/quanle/PythonWeb/mysite/env/lib/python3.6/site-packages/django/contrib/admin/locale/es/LC_MESSAGES/djangojs.mo first seen with mtime 1582787715.166124
File /Users/quanle/PythonWeb/mysite/env/lib/python3.6/site-packages/django/contrib/admin/locale/et/LC_MESSAGES/django.mo first seen with mtime 1582787715.174789
File /Users/quanle/PythonWeb/mysite/env/lib/python3.6/site-packages/django/contrib/admin/locale/et/LC_MESSAGES/djangojs.mo first seen with mtime 1582787715.175683
File /Users/quanle/PythonWeb/mysite/env/lib/python3.6/site-packages/django/contrib/admin/locale/en/LC_MESSAGES/django.mo first seen with mtime 1582787715.157136
File /Users/quanle/PythonWeb/mysite/env/lib/python3.6/site-packages/django/contrib/admin/locale/en/LC_MESSAGES/djangojs.mo first seen with mtime 1582787715.157943
File /Users/quanle/PythonWeb/mysite/env/lib/python3.6/site-packages/django/contrib/admin/locale/fa/LC_MESSAGES/django.mo first seen with mtime 1582787715.178712
File /Users/quanle/PythonWeb/mysite/env/lib/python3.6/site-packages/django/contrib/admin/locale/fa/LC_MESSAGES/djangojs.mo first seen with mtime 1582787715.179511
File /Users/quanle/PythonWeb/mysite/env/lib/python3.6/site-packages/django/contrib/admin/locale/lt/LC_MESSAGES/django.mo first seen with mtime 1582787715.223944
File /Users/quanle/PythonWeb/mysite/env/lib/python3.6/site-packages/django/contrib/admin/locale/lt/LC_MESSAGES/djangojs.mo first seen with mtime 1582787715.224628
File /Users/quanle/PythonWeb/mysite/env/lib/python3.6/site-packages/django/contrib/admin/locale/cy/LC_MESSAGES/django.mo first seen with mtime 1582787715.14732
File /Users/quanle/PythonWeb/mysite/env/lib/python3.6/site-packages/django/contrib/admin/locale/cy/LC_MESSAGES/djangojs.mo first seen with mtime 1582787715.1484
File /Users/quanle/PythonWeb/mysite/env/lib/python3.6/site-packages/django/contrib/admin/locale/eu/LC_MESSAGES/django.mo first seen with mtime 1582787715.176951
File /Users/quanle/PythonWeb/mysite/env/lib/python3.6/site-packages/django/contrib/admin/locale/eu/LC_MESSAGES/djangojs.mo first seen with mtime 1582787715.177773
File /Users/quanle/PythonWeb/mysite/env/lib/python3.6/site-packages/django/contrib/admin/locale/tt/LC_MESSAGES/django.mo first seen with mtime 1582787715.268955
File /Users/quanle/PythonWeb/mysite/env/lib/python3.6/site-packages/django/contrib/admin/locale/tt/LC_MESSAGES/djangojs.mo first seen with mtime 1582787715.26964
File /Users/quanle/PythonWeb/mysite/env/lib/python3.6/site-packages/django/contrib/admin/locale/dsb/LC_MESSAGES/django.mo first seen with mtime 1582787715.153233
File /Users/quanle/PythonWeb/mysite/env/lib/python3.6/site-packages/django/contrib/admin/locale/dsb/LC_MESSAGES/djangojs.mo first seen with mtime 1582787715.153997
File /Users/quanle/PythonWeb/mysite/env/lib/python3.6/site-packages/django/contrib/admin/locale/ta/LC_MESSAGES/django.mo first seen with mtime 1582787715.262916
File /Users/quanle/PythonWeb/mysite/env/lib/python3.6/site-packages/django/contrib/admin/locale/ta/LC_MESSAGES/djangojs.mo first seen with mtime 1582787715.263576
File /Users/quanle/PythonWeb/mysite/env/lib/python3.6/site-packages/django/contrib/admin/locale/th/LC_MESSAGES/django.mo first seen with mtime 1582787715.265838
File /Users/quanle/PythonWeb/mysite/env/lib/python3.6/site-packages/django/contrib/admin/locale/th/LC_MESSAGES/djangojs.mo first seen with mtime 1582787715.266528
File /Users/quanle/PythonWeb/mysite/env/lib/python3.6/site-packages/django/contrib/admin/locale/tr/LC_MESSAGES/django.mo first seen with mtime 1582787715.267407
File /Users/quanle/PythonWeb/mysite/env/lib/python3.6/site-packages/django/contrib/admin/locale/tr/LC_MESSAGES/djangojs.mo first seen with mtime 1582787715.26809
File /Users/quanle/PythonWeb/mysite/env/lib/python3.6/site-packages/django/contrib/auth/locale/sl/LC_MESSAGES/django.mo first seen with mtime 1582787715.482673
File /Users/quanle/PythonWeb/mysite/env/lib/python3.6/site-packages/django/contrib/auth/locale/sk/LC_MESSAGES/django.mo first seen with mtime 1582787715.481866
File /Users/quanle/PythonWeb/mysite/env/lib/python3.6/site-packages/django/contrib/auth/locale/ur/LC_MESSAGES/django.mo first seen with mtime 1582787715.493014
File /Users/quanle/PythonWeb/mysite/env/lib/python3.6/site-packages/django/contrib/auth/locale/sw/LC_MESSAGES/django.mo first seen with mtime 1582787715.486923
File /Users/quanle/PythonWeb/mysite/env/lib/python3.6/site-packages/django/contrib/auth/locale/kab/LC_MESSAGES/django.mo first seen with mtime 1582787715.461635
File /Users/quanle/PythonWeb/mysite/env/lib/python3.6/site-packages/django/contrib/auth/locale/pl/LC_MESSAGES/django.mo first seen with mtime 1582787715.477936
File /Users/quanle/PythonWeb/mysite/env/lib/python3.6/site-packages/django/contrib/auth/locale/vi/LC_MESSAGES/django.mo first seen with mtime 1582787715.493709
File /Users/quanle/PythonWeb/mysite/env/lib/python3.6/site-packages/django/contrib/auth/locale/sq/LC_MESSAGES/django.mo first seen with mtime 1582787715.483567
File /Users/quanle/PythonWeb/mysite/env/lib/python3.6/site-packages/django/contrib/auth/locale/sv/LC_MESSAGES/django.mo first seen with mtime 1582787715.486022
File /Users/quanle/PythonWeb/mysite/env/lib/python3.6/site-packages/django/contrib/auth/locale/ga/LC_MESSAGES/django.mo first seen with mtime 1582787715.448694
File /Users/quanle/PythonWeb/mysite/env/lib/python3.6/site-packages/django/contrib/auth/locale/he/LC_MESSAGES/django.mo first seen with mtime 1582787715.451034
File /Users/quanle/PythonWeb/mysite/env/lib/python3.6/site-packages/django/contrib/auth/locale/km/LC_MESSAGES/django.mo first seen with mtime 1582787715.463341
File /Users/quanle/PythonWeb/mysite/env/lib/python3.6/site-packages/django/contrib/auth/locale/udm/LC_MESSAGES/django.mo first seen with mtime 1582787715.4915
File /Users/quanle/PythonWeb/mysite/env/lib/python3.6/site-packages/django/contrib/auth/locale/hy/LC_MESSAGES/django.mo first seen with mtime 1582787715.455258
File /Users/quanle/PythonWeb/mysite/env/lib/python3.6/site-packages/django/contrib/auth/locale/nn/LC_MESSAGES/django.mo first seen with mtime 1582787715.475477
File /Users/quanle/PythonWeb/mysite/env/lib/python3.6/site-packages/django/contrib/auth/locale/be/LC_MESSAGES/django.mo first seen with mtime 1582787715.426673
File /Users/quanle/PythonWeb/mysite/env/lib/python3.6/site-packages/django/contrib/auth/locale/da/LC_MESSAGES/django.mo first seen with mtime 1582787715.43311
File /Users/quanle/PythonWeb/mysite/env/lib/python3.6/site-packages/django/contrib/auth/locale/mr/LC_MESSAGES/django.mo first seen with mtime 1582787715.470614
File /Users/quanle/PythonWeb/mysite/env/lib/python3.6/site-packages/django/contrib/auth/locale/kk/LC_MESSAGES/django.mo first seen with mtime 1582787715.462362
File /Users/quanle/PythonWeb/mysite/env/lib/python3.6/site-packages/django/contrib/auth/locale/mn/LC_MESSAGES/django.mo first seen with mtime 1582787715.469599
File /Users/quanle/PythonWeb/mysite/env/lib/python3.6/site-packages/django/contrib/auth/locale/pt_BR/LC_MESSAGES/django.mo first seen with mtime 1582787715.47946
File /Users/quanle/PythonWeb/mysite/env/lib/python3.6/site-packages/django/contrib/auth/locale/es_CO/LC_MESSAGES/django.mo first seen with mtime 1582787715.441095
File /Users/quanle/PythonWeb/mysite/env/lib/python3.6/site-packages/django/contrib/auth/locale/ja/LC_MESSAGES/django.mo first seen with mtime 1582787715.460099
File /Users/quanle/PythonWeb/mysite/env/lib/python3.6/site-packages/django/contrib/auth/locale/el/LC_MESSAGES/django.mo first seen with mtime 1582787715.435483
File /Users/quanle/PythonWeb/mysite/env/lib/python3.6/site-packages/django/contrib/auth/locale/lv/LC_MESSAGES/django.mo first seen with mtime 1582787715.467124
File /Users/quanle/PythonWeb/mysite/env/lib/python3.6/site-packages/django/contrib/auth/locale/fy/LC_MESSAGES/django.mo first seen with mtime 1582787715.447968
File /Users/quanle/PythonWeb/mysite/env/lib/python3.6/site-packages/django/contrib/auth/locale/lb/LC_MESSAGES/django.mo first seen with mtime 1582787715.465572
File /Users/quanle/PythonWeb/mysite/env/lib/python3.6/site-packages/django/contrib/auth/locale/it/LC_MESSAGES/django.mo first seen with mtime 1582787715.45922
File /Users/quanle/PythonWeb/mysite/env/lib/python3.6/site-packages/django/contrib/auth/locale/ca/LC_MESSAGES/django.mo first seen with mtime 1582787715.430694
File /Users/quanle/PythonWeb/mysite/env/lib/python3.6/site-packages/django/contrib/auth/locale/is/LC_MESSAGES/django.mo first seen with mtime 1582787715.458442
File /Users/quanle/PythonWeb/mysite/env/lib/python3.6/site-packages/django/contrib/auth/locale/cs/LC_MESSAGES/django.mo first seen with mtime 1582787715.431472
File /Users/quanle/PythonWeb/mysite/env/lib/python3.6/site-packages/django/contrib/auth/locale/ia/LC_MESSAGES/django.mo first seen with mtime 1582787715.456017
File /Users/quanle/PythonWeb/mysite/env/lib/python3.6/site-packages/django/contrib/auth/locale/io/LC_MESSAGES/django.mo first seen with mtime 1582787715.457678
File /Users/quanle/PythonWeb/mysite/env/lib/python3.6/site-packages/django/contrib/auth/locale/te/LC_MESSAGES/django.mo first seen with mtime 1582787715.4885
File /Users/quanle/PythonWeb/mysite/env/lib/python3.6/site-packages/django/contrib/auth/locale/zh_Hans/LC_MESSAGES/django.mo first seen with mtime 1582787715.494627
File /Users/quanle/PythonWeb/mysite/env/lib/python3.6/site-packages/django/contrib/auth/locale/ru/LC_MESSAGES/django.mo first seen with mtime 1582787715.481107
File /Users/quanle/PythonWeb/mysite/env/lib/python3.6/site-packages/django/contrib/auth/locale/zh_Hant/LC_MESSAGES/django.mo first seen with mtime 1582787715.495384
File /Users/quanle/PythonWeb/mysite/env/lib/python3.6/site-packages/django/contrib/auth/locale/ro/LC_MESSAGES/django.mo first seen with mtime 1582787715.48034
File /Users/quanle/PythonWeb/mysite/env/lib/python3.6/site-packages/django/contrib/auth/locale/hsb/LC_MESSAGES/django.mo first seen with mtime 1582787715.453715
File /Users/quanle/PythonWeb/mysite/env/lib/python3.6/site-packages/django/contrib/auth/locale/pt/LC_MESSAGES/django.mo first seen with mtime 1582787715.478699
File /Users/quanle/PythonWeb/mysite/env/lib/python3.6/site-packages/django/contrib/auth/locale/uk/LC_MESSAGES/django.mo first seen with mtime 1582787715.492178
File /Users/quanle/PythonWeb/mysite/env/lib/python3.6/site-packages/django/contrib/auth/locale/sr/LC_MESSAGES/django.mo first seen with mtime 1582787715.484448
File /Users/quanle/PythonWeb/mysite/env/lib/python3.6/site-packages/django/contrib/auth/locale/es_VE/LC_MESSAGES/django.mo first seen with mtime 1582787715.442624
File /Users/quanle/PythonWeb/mysite/env/lib/python3.6/site-packages/django/contrib/auth/locale/en_AU/LC_MESSAGES/django.mo first seen with mtime 1582787715.437031
File /Users/quanle/PythonWeb/mysite/env/lib/python3.6/site-packages/django/contrib/auth/locale/pa/LC_MESSAGES/django.mo first seen with mtime 1582787715.477214
File /Users/quanle/PythonWeb/mysite/env/lib/python3.6/site-packages/django/contrib/auth/locale/en_GB/LC_MESSAGES/django.mo first seen with mtime 1582787715.437729
File /Users/quanle/PythonWeb/mysite/env/lib/python3.6/site-packages/django/contrib/auth/locale/ml/LC_MESSAGES/django.mo first seen with mtime 1582787715.468692
File /Users/quanle/PythonWeb/mysite/env/lib/python3.6/site-packages/django/contrib/auth/locale/es_MX/LC_MESSAGES/django.mo first seen with mtime 1582787715.441859
File /Users/quanle/PythonWeb/mysite/env/lib/python3.6/site-packages/django/contrib/auth/locale/mk/LC_MESSAGES/django.mo first seen with mtime 1582787715.467892
File /Users/quanle/PythonWeb/mysite/env/lib/python3.6/site-packages/django/contrib/auth/locale/kn/LC_MESSAGES/django.mo first seen with mtime 1582787715.464063
File /Users/quanle/PythonWeb/mysite/env/lib/python3.6/site-packages/django/contrib/auth/locale/bs/LC_MESSAGES/django.mo first seen with mtime 1582787715.429845
File /Users/quanle/PythonWeb/mysite/env/lib/python3.6/site-packages/django/contrib/auth/locale/my/LC_MESSAGES/django.mo first seen with mtime 1582787715.471769
File /Users/quanle/PythonWeb/mysite/env/lib/python3.6/site-packages/django/contrib/auth/locale/ar/LC_MESSAGES/django.mo first seen with mtime 1582787715.424402
File /Users/quanle/PythonWeb/mysite/env/lib/python3.6/site-packages/django/contrib/auth/locale/gl/LC_MESSAGES/django.mo first seen with mtime 1582787715.450293
File /Users/quanle/PythonWeb/mysite/env/lib/python3.6/site-packages/django/contrib/auth/locale/hr/LC_MESSAGES/django.mo first seen with mtime 1582787715.452731
File /Users/quanle/PythonWeb/mysite/env/lib/python3.6/site-packages/django/contrib/auth/locale/hu/LC_MESSAGES/django.mo first seen with mtime 1582787715.454511
File /Users/quanle/PythonWeb/mysite/env/lib/python3.6/site-packages/django/contrib/auth/locale/nl/LC_MESSAGES/django.mo first seen with mtime 1582787715.474747
File /Users/quanle/PythonWeb/mysite/env/lib/python3.6/site-packages/django/contrib/auth/locale/bg/LC_MESSAGES/django.mo first seen with mtime 1582787715.427683
File /Users/quanle/PythonWeb/mysite/env/lib/python3.6/site-packages/django/contrib/auth/locale/bn/LC_MESSAGES/django.mo first seen with mtime 1582787715.428428
File /Users/quanle/PythonWeb/mysite/env/lib/python3.6/site-packages/django/contrib/auth/locale/es_AR/LC_MESSAGES/django.mo first seen with mtime 1582787715.440271
File /Users/quanle/PythonWeb/mysite/env/lib/python3.6/site-packages/django/contrib/auth/locale/ne/LC_MESSAGES/django.mo first seen with mtime 1582787715.473964
File /Users/quanle/PythonWeb/mysite/env/lib/python3.6/site-packages/django/contrib/auth/locale/ast/LC_MESSAGES/django.mo first seen with mtime 1582787715.425157
File /Users/quanle/PythonWeb/mysite/env/lib/python3.6/site-packages/django/contrib/auth/locale/af/LC_MESSAGES/django.mo first seen with mtime 1582787715.423401
File /Users/quanle/PythonWeb/mysite/env/lib/python3.6/site-packages/django/contrib/auth/locale/nb/LC_MESSAGES/django.mo first seen with mtime 1582787715.472905
File /Users/quanle/PythonWeb/mysite/env/lib/python3.6/site-packages/django/contrib/auth/locale/hi/LC_MESSAGES/django.mo first seen with mtime 1582787715.45192
File /Users/quanle/PythonWeb/mysite/env/lib/python3.6/site-packages/django/contrib/auth/locale/ka/LC_MESSAGES/django.mo first seen with mtime 1582787715.460867
File /Users/quanle/PythonWeb/mysite/env/lib/python3.6/site-packages/django/contrib/auth/locale/de/LC_MESSAGES/django.mo first seen with mtime 1582787715.433961
File /Users/quanle/PythonWeb/mysite/env/lib/python3.6/site-packages/django/contrib/auth/locale/az/LC_MESSAGES/django.mo first seen with mtime 1582787715.425907
File /Users/quanle/PythonWeb/mysite/env/lib/python3.6/site-packages/django/contrib/auth/locale/gd/LC_MESSAGES/django.mo first seen with mtime 1582787715.449433
File /Users/quanle/PythonWeb/mysite/env/lib/python3.6/site-packages/django/contrib/auth/locale/br/LC_MESSAGES/django.mo first seen with mtime 1582787715.42916
File /Users/quanle/PythonWeb/mysite/env/lib/python3.6/site-packages/django/contrib/auth/locale/ko/LC_MESSAGES/django.mo first seen with mtime 1582787715.464826
File /Users/quanle/PythonWeb/mysite/env/lib/python3.6/site-packages/django/contrib/auth/locale/fi/LC_MESSAGES/django.mo first seen with mtime 1582787715.445874
File /Users/quanle/PythonWeb/mysite/env/lib/python3.6/site-packages/django/contrib/auth/locale/sr_Latn/LC_MESSAGES/django.mo first seen with mtime 1582787715.4853
File /Users/quanle/PythonWeb/mysite/env/lib/python3.6/site-packages/django/contrib/auth/locale/os/LC_MESSAGES/django.mo first seen with mtime 1582787715.476368
File /Users/quanle/PythonWeb/mysite/env/lib/python3.6/site-packages/django/contrib/auth/locale/eo/LC_MESSAGES/django.mo first seen with mtime 1582787715.43847
File /Users/quanle/PythonWeb/mysite/env/lib/python3.6/site-packages/django/contrib/auth/locale/id/LC_MESSAGES/django.mo first seen with mtime 1582787715.456891
File /Users/quanle/PythonWeb/mysite/env/lib/python3.6/site-packages/django/contrib/auth/locale/fr/LC_MESSAGES/django.mo first seen with mtime 1582787715.446739
File /Users/quanle/PythonWeb/mysite/env/lib/python3.6/site-packages/django/contrib/auth/locale/es/LC_MESSAGES/django.mo first seen with mtime 1582787715.4394
File /Users/quanle/PythonWeb/mysite/env/lib/python3.6/site-packages/django/contrib/auth/locale/et/LC_MESSAGES/django.mo first seen with mtime 1582787715.443598
File /Users/quanle/PythonWeb/mysite/env/lib/python3.6/site-packages/django/contrib/auth/locale/en/LC_MESSAGES/django.mo first seen with mtime 1582787715.436232
File /Users/quanle/PythonWeb/mysite/env/lib/python3.6/site-packages/django/contrib/auth/locale/fa/LC_MESSAGES/django.mo first seen with mtime 1582787715.445119
File /Users/quanle/PythonWeb/mysite/env/lib/python3.6/site-packages/django/contrib/auth/locale/lt/LC_MESSAGES/django.mo first seen with mtime 1582787715.466364
File /Users/quanle/PythonWeb/mysite/env/lib/python3.6/site-packages/django/contrib/auth/locale/cy/LC_MESSAGES/django.mo first seen with mtime 1582787715.43234
File /Users/quanle/PythonWeb/mysite/env/lib/python3.6/site-packages/django/contrib/auth/locale/eu/LC_MESSAGES/django.mo first seen with mtime 1582787715.444368
File /Users/quanle/PythonWeb/mysite/env/lib/python3.6/site-packages/django/contrib/auth/locale/tt/LC_MESSAGES/django.mo first seen with mtime 1582787715.490827
File /Users/quanle/PythonWeb/mysite/env/lib/python3.6/site-packages/django/contrib/auth/locale/dsb/LC_MESSAGES/django.mo first seen with mtime 1582787715.434715
File /Users/quanle/PythonWeb/mysite/env/lib/python3.6/site-packages/django/contrib/auth/locale/ta/LC_MESSAGES/django.mo first seen with mtime 1582787715.487657
File /Users/quanle/PythonWeb/mysite/env/lib/python3.6/site-packages/django/contrib/auth/locale/th/LC_MESSAGES/django.mo first seen with mtime 1582787715.489199
File /Users/quanle/PythonWeb/mysite/env/lib/python3.6/site-packages/django/contrib/auth/locale/tr/LC_MESSAGES/django.mo first seen with mtime 1582787715.490032
File /Users/quanle/PythonWeb/mysite/env/lib/python3.6/site-packages/django/contrib/contenttypes/locale/sl/LC_MESSAGES/django.mo first seen with mtime 1582787715.554585
File /Users/quanle/PythonWeb/mysite/env/lib/python3.6/site-packages/django/contrib/contenttypes/locale/sk/LC_MESSAGES/django.mo first seen with mtime 1582787715.553923
File /Users/quanle/PythonWeb/mysite/env/lib/python3.6/site-packages/django/contrib/contenttypes/locale/ur/LC_MESSAGES/django.mo first seen with mtime 1582787715.564827
File /Users/quanle/PythonWeb/mysite/env/lib/python3.6/site-packages/django/contrib/contenttypes/locale/sw/LC_MESSAGES/django.mo first seen with mtime 1582787715.557998
File /Users/quanle/PythonWeb/mysite/env/lib/python3.6/site-packages/django/contrib/contenttypes/locale/pl/LC_MESSAGES/django.mo first seen with mtime 1582787715.550278
File /Users/quanle/PythonWeb/mysite/env/lib/python3.6/site-packages/django/contrib/contenttypes/locale/vi/LC_MESSAGES/django.mo first seen with mtime 1582787715.565726
File /Users/quanle/PythonWeb/mysite/env/lib/python3.6/site-packages/django/contrib/contenttypes/locale/sq/LC_MESSAGES/django.mo first seen with mtime 1582787715.555325
File /Users/quanle/PythonWeb/mysite/env/lib/python3.6/site-packages/django/contrib/contenttypes/locale/sv/LC_MESSAGES/django.mo first seen with mtime 1582787715.557249
File /Users/quanle/PythonWeb/mysite/env/lib/python3.6/site-packages/django/contrib/contenttypes/locale/ga/LC_MESSAGES/django.mo first seen with mtime 1582787715.526751
File /Users/quanle/PythonWeb/mysite/env/lib/python3.6/site-packages/django/contrib/contenttypes/locale/he/LC_MESSAGES/django.mo first seen with mtime 1582787715.528798
File /Users/quanle/PythonWeb/mysite/env/lib/python3.6/site-packages/django/contrib/contenttypes/locale/km/LC_MESSAGES/django.mo first seen with mtime 1582787715.538491
File /Users/quanle/PythonWeb/mysite/env/lib/python3.6/site-packages/django/contrib/contenttypes/locale/udm/LC_MESSAGES/django.mo first seen with mtime 1582787715.563057
File /Users/quanle/PythonWeb/mysite/env/lib/python3.6/site-packages/django/contrib/contenttypes/locale/hy/LC_MESSAGES/django.mo first seen with mtime 1582787715.532126
File /Users/quanle/PythonWeb/mysite/env/lib/python3.6/site-packages/django/contrib/contenttypes/locale/nn/LC_MESSAGES/django.mo first seen with mtime 1582787715.548224
File /Users/quanle/PythonWeb/mysite/env/lib/python3.6/site-packages/django/contrib/contenttypes/locale/be/LC_MESSAGES/django.mo first seen with mtime 1582787715.507304
File /Users/quanle/PythonWeb/mysite/env/lib/python3.6/site-packages/django/contrib/contenttypes/locale/da/LC_MESSAGES/django.mo first seen with mtime 1582787715.513275
File /Users/quanle/PythonWeb/mysite/env/lib/python3.6/site-packages/django/contrib/contenttypes/locale/mr/LC_MESSAGES/django.mo first seen with mtime 1582787715.544792
File /Users/quanle/PythonWeb/mysite/env/lib/python3.6/site-packages/django/contrib/contenttypes/locale/kk/LC_MESSAGES/django.mo first seen with mtime 1582787715.537755
File /Users/quanle/PythonWeb/mysite/env/lib/python3.6/site-packages/django/contrib/contenttypes/locale/mn/LC_MESSAGES/django.mo first seen with mtime 1582787715.544149
File /Users/quanle/PythonWeb/mysite/env/lib/python3.6/site-packages/django/contrib/contenttypes/locale/pt_BR/LC_MESSAGES/django.mo first seen with mtime 1582787715.551707
File /Users/quanle/PythonWeb/mysite/env/lib/python3.6/site-packages/django/contrib/contenttypes/locale/es_CO/LC_MESSAGES/django.mo first seen with mtime 1582787715.520324
File /Users/quanle/PythonWeb/mysite/env/lib/python3.6/site-packages/django/contrib/contenttypes/locale/ja/LC_MESSAGES/django.mo first seen with mtime 1582787715.536475
File /Users/quanle/PythonWeb/mysite/env/lib/python3.6/site-packages/django/contrib/contenttypes/locale/el/LC_MESSAGES/django.mo first seen with mtime 1582787715.515358
File /Users/quanle/PythonWeb/mysite/env/lib/python3.6/site-packages/django/contrib/contenttypes/locale/lv/LC_MESSAGES/django.mo first seen with mtime 1582787715.541986
File /Users/quanle/PythonWeb/mysite/env/lib/python3.6/site-packages/django/contrib/contenttypes/locale/fy/LC_MESSAGES/django.mo first seen with mtime 1582787715.526111
File /Users/quanle/PythonWeb/mysite/env/lib/python3.6/site-packages/django/contrib/contenttypes/locale/lb/LC_MESSAGES/django.mo first seen with mtime 1582787715.540544
File /Users/quanle/PythonWeb/mysite/env/lib/python3.6/site-packages/django/contrib/contenttypes/locale/it/LC_MESSAGES/django.mo first seen with mtime 1582787715.53571
File /Users/quanle/PythonWeb/mysite/env/lib/python3.6/site-packages/django/contrib/contenttypes/locale/ca/LC_MESSAGES/django.mo first seen with mtime 1582787715.511052
File /Users/quanle/PythonWeb/mysite/env/lib/python3.6/site-packages/django/contrib/contenttypes/locale/is/LC_MESSAGES/django.mo first seen with mtime 1582787715.53497
File /Users/quanle/PythonWeb/mysite/env/lib/python3.6/site-packages/django/contrib/contenttypes/locale/cs/LC_MESSAGES/django.mo first seen with mtime 1582787715.511713
File /Users/quanle/PythonWeb/mysite/env/lib/python3.6/site-packages/django/contrib/contenttypes/locale/ia/LC_MESSAGES/django.mo first seen with mtime 1582787715.533065
File /Users/quanle/PythonWeb/mysite/env/lib/python3.6/site-packages/django/contrib/contenttypes/locale/io/LC_MESSAGES/django.mo first seen with mtime 1582787715.534327
File /Users/quanle/PythonWeb/mysite/env/lib/python3.6/site-packages/django/contrib/contenttypes/locale/te/LC_MESSAGES/django.mo first seen with mtime 1582787715.559495
File /Users/quanle/PythonWeb/mysite/env/lib/python3.6/site-packages/django/contrib/contenttypes/locale/zh_Hans/LC_MESSAGES/django.mo first seen with mtime 1582787715.5664
File /Users/quanle/PythonWeb/mysite/env/lib/python3.6/site-packages/django/contrib/contenttypes/locale/ru/LC_MESSAGES/django.mo first seen with mtime 1582787715.553133
File /Users/quanle/PythonWeb/mysite/env/lib/python3.6/site-packages/django/contrib/contenttypes/locale/zh_Hant/LC_MESSAGES/django.mo first seen with mtime 1582787715.567108
File /Users/quanle/PythonWeb/mysite/env/lib/python3.6/site-packages/django/contrib/contenttypes/locale/ro/LC_MESSAGES/django.mo first seen with mtime 1582787715.552477
File /Users/quanle/PythonWeb/mysite/env/lib/python3.6/site-packages/django/contrib/contenttypes/locale/hsb/LC_MESSAGES/django.mo first seen with mtime 1582787715.530858
File /Users/quanle/PythonWeb/mysite/env/lib/python3.6/site-packages/django/contrib/contenttypes/locale/pt/LC_MESSAGES/django.mo first seen with mtime 1582787715.550947
File /Users/quanle/PythonWeb/mysite/env/lib/python3.6/site-packages/django/contrib/contenttypes/locale/uk/LC_MESSAGES/django.mo first seen with mtime 1582787715.564112
File /Users/quanle/PythonWeb/mysite/env/lib/python3.6/site-packages/django/contrib/contenttypes/locale/sr/LC_MESSAGES/django.mo first seen with mtime 1582787715.555982
File /Users/quanle/PythonWeb/mysite/env/lib/python3.6/site-packages/django/contrib/contenttypes/locale/es_VE/LC_MESSAGES/django.mo first seen with mtime 1582787715.521828
File /Users/quanle/PythonWeb/mysite/env/lib/python3.6/site-packages/django/contrib/contenttypes/locale/en_AU/LC_MESSAGES/django.mo first seen with mtime 1582787715.516723
File /Users/quanle/PythonWeb/mysite/env/lib/python3.6/site-packages/django/contrib/contenttypes/locale/pa/LC_MESSAGES/django.mo first seen with mtime 1582787715.549621
File /Users/quanle/PythonWeb/mysite/env/lib/python3.6/site-packages/django/contrib/contenttypes/locale/en_GB/LC_MESSAGES/django.mo first seen with mtime 1582787715.517495
File /Users/quanle/PythonWeb/mysite/env/lib/python3.6/site-packages/django/contrib/contenttypes/locale/ml/LC_MESSAGES/django.mo first seen with mtime 1582787715.543406
File /Users/quanle/PythonWeb/mysite/env/lib/python3.6/site-packages/django/contrib/contenttypes/locale/es_MX/LC_MESSAGES/django.mo first seen with mtime 1582787715.521015
File /Users/quanle/PythonWeb/mysite/env/lib/python3.6/site-packages/django/contrib/contenttypes/locale/mk/LC_MESSAGES/django.mo first seen with mtime 1582787715.542648
File /Users/quanle/PythonWeb/mysite/env/lib/python3.6/site-packages/django/contrib/contenttypes/locale/kn/LC_MESSAGES/django.mo first seen with mtime 1582787715.539152
File /Users/quanle/PythonWeb/mysite/env/lib/python3.6/site-packages/django/contrib/contenttypes/locale/bs/LC_MESSAGES/django.mo first seen with mtime 1582787715.51035
File /Users/quanle/PythonWeb/mysite/env/lib/python3.6/site-packages/django/contrib/contenttypes/locale/my/LC_MESSAGES/django.mo first seen with mtime 1582787715.545433
File /Users/quanle/PythonWeb/mysite/env/lib/python3.6/site-packages/django/contrib/contenttypes/locale/ar/LC_MESSAGES/django.mo first seen with mtime 1582787715.50512
File /Users/quanle/PythonWeb/mysite/env/lib/python3.6/site-packages/django/contrib/contenttypes/locale/gl/LC_MESSAGES/django.mo first seen with mtime 1582787715.528167
File /Users/quanle/PythonWeb/mysite/env/lib/python3.6/site-packages/django/contrib/contenttypes/locale/hr/LC_MESSAGES/django.mo first seen with mtime 1582787715.530211
File /Users/quanle/PythonWeb/mysite/env/lib/python3.6/site-packages/django/contrib/contenttypes/locale/hu/LC_MESSAGES/django.mo first seen with mtime 1582787715.531496
File /Users/quanle/PythonWeb/mysite/env/lib/python3.6/site-packages/django/contrib/contenttypes/locale/nl/LC_MESSAGES/django.mo first seen with mtime 1582787715.547546
File /Users/quanle/PythonWeb/mysite/env/lib/python3.6/site-packages/django/contrib/contenttypes/locale/bg/LC_MESSAGES/django.mo first seen with mtime 1582787715.508195
File /Users/quanle/PythonWeb/mysite/env/lib/python3.6/site-packages/django/contrib/contenttypes/locale/bn/LC_MESSAGES/django.mo first seen with mtime 1582787715.508892
File /Users/quanle/PythonWeb/mysite/env/lib/python3.6/site-packages/django/contrib/contenttypes/locale/es_AR/LC_MESSAGES/django.mo first seen with mtime 1582787715.519656
File /Users/quanle/PythonWeb/mysite/env/lib/python3.6/site-packages/django/contrib/contenttypes/locale/ne/LC_MESSAGES/django.mo first seen with mtime 1582787715.546799
File /Users/quanle/PythonWeb/mysite/env/lib/python3.6/site-packages/django/contrib/contenttypes/locale/ast/LC_MESSAGES/django.mo first seen with mtime 1582787715.505763
File /Users/quanle/PythonWeb/mysite/env/lib/python3.6/site-packages/django/contrib/contenttypes/locale/af/LC_MESSAGES/django.mo first seen with mtime 1582787715.504327
File /Users/quanle/PythonWeb/mysite/env/lib/python3.6/site-packages/django/contrib/contenttypes/locale/nb/LC_MESSAGES/django.mo first seen with mtime 1582787715.546071
File /Users/quanle/PythonWeb/mysite/env/lib/python3.6/site-packages/django/contrib/contenttypes/locale/hi/LC_MESSAGES/django.mo first seen with mtime 1582787715.52944
File /Users/quanle/PythonWeb/mysite/env/lib/python3.6/site-packages/django/contrib/contenttypes/locale/ka/LC_MESSAGES/django.mo first seen with mtime 1582787715.537126
File /Users/quanle/PythonWeb/mysite/env/lib/python3.6/site-packages/django/contrib/contenttypes/locale/de/LC_MESSAGES/django.mo first seen with mtime 1582787715.513935
File /Users/quanle/PythonWeb/mysite/env/lib/python3.6/site-packages/django/contrib/contenttypes/locale/az/LC_MESSAGES/django.mo first seen with mtime 1582787715.506408
File /Users/quanle/PythonWeb/mysite/env/lib/python3.6/site-packages/django/contrib/contenttypes/locale/gd/LC_MESSAGES/django.mo first seen with mtime 1582787715.527543
File /Users/quanle/PythonWeb/mysite/env/lib/python3.6/site-packages/django/contrib/contenttypes/locale/br/LC_MESSAGES/django.mo first seen with mtime 1582787715.509589
File /Users/quanle/PythonWeb/mysite/env/lib/python3.6/site-packages/django/contrib/contenttypes/locale/ko/LC_MESSAGES/django.mo first seen with mtime 1582787715.539787
File /Users/quanle/PythonWeb/mysite/env/lib/python3.6/site-packages/django/contrib/contenttypes/locale/fi/LC_MESSAGES/django.mo first seen with mtime 1582787715.524691
File /Users/quanle/PythonWeb/mysite/env/lib/python3.6/site-packages/django/contrib/contenttypes/locale/sr_Latn/LC_MESSAGES/django.mo first seen with mtime 1582787715.556612
File /Users/quanle/PythonWeb/mysite/env/lib/python3.6/site-packages/django/contrib/contenttypes/locale/os/LC_MESSAGES/django.mo first seen with mtime 1582787715.548871
File /Users/quanle/PythonWeb/mysite/env/lib/python3.6/site-packages/django/contrib/contenttypes/locale/eo/LC_MESSAGES/django.mo first seen with mtime 1582787715.518146
File /Users/quanle/PythonWeb/mysite/env/lib/python3.6/site-packages/django/contrib/contenttypes/locale/id/LC_MESSAGES/django.mo first seen with mtime 1582787715.533703
File /Users/quanle/PythonWeb/mysite/env/lib/python3.6/site-packages/django/contrib/contenttypes/locale/fr/LC_MESSAGES/django.mo first seen with mtime 1582787715.525474
File /Users/quanle/PythonWeb/mysite/env/lib/python3.6/site-packages/django/contrib/contenttypes/locale/es/LC_MESSAGES/django.mo first seen with mtime 1582787715.518966
File /Users/quanle/PythonWeb/mysite/env/lib/python3.6/site-packages/django/contrib/contenttypes/locale/et/LC_MESSAGES/django.mo first seen with mtime 1582787715.522483
File /Users/quanle/PythonWeb/mysite/env/lib/python3.6/site-packages/django/contrib/contenttypes/locale/en/LC_MESSAGES/django.mo first seen with mtime 1582787715.516094
File /Users/quanle/PythonWeb/mysite/env/lib/python3.6/site-packages/django/contrib/contenttypes/locale/fa/LC_MESSAGES/django.mo first seen with mtime 1582787715.523951
File /Users/quanle/PythonWeb/mysite/env/lib/python3.6/site-packages/django/contrib/contenttypes/locale/lt/LC_MESSAGES/django.mo first seen with mtime 1582787715.541322
File /Users/quanle/PythonWeb/mysite/env/lib/python3.6/site-packages/django/contrib/contenttypes/locale/cy/LC_MESSAGES/django.mo first seen with mtime 1582787715.512515
File /Users/quanle/PythonWeb/mysite/env/lib/python3.6/site-packages/django/contrib/contenttypes/locale/eu/LC_MESSAGES/django.mo first seen with mtime 1582787715.523273
File /Users/quanle/PythonWeb/mysite/env/lib/python3.6/site-packages/django/contrib/contenttypes/locale/tt/LC_MESSAGES/django.mo first seen with mtime 1582787715.562122
File /Users/quanle/PythonWeb/mysite/env/lib/python3.6/site-packages/django/contrib/contenttypes/locale/dsb/LC_MESSAGES/django.mo first seen with mtime 1582787715.514615
File /Users/quanle/PythonWeb/mysite/env/lib/python3.6/site-packages/django/contrib/contenttypes/locale/ta/LC_MESSAGES/django.mo first seen with mtime 1582787715.55883
File /Users/quanle/PythonWeb/mysite/env/lib/python3.6/site-packages/django/contrib/contenttypes/locale/th/LC_MESSAGES/django.mo first seen with mtime 1582787715.560191
File /Users/quanle/PythonWeb/mysite/env/lib/python3.6/site-packages/django/contrib/contenttypes/locale/tr/LC_MESSAGES/django.mo first seen with mtime 1582787715.561199
File /Users/quanle/PythonWeb/mysite/env/lib/python3.6/site-packages/django/contrib/sessions/locale/sl/LC_MESSAGES/django.mo first seen with mtime 1582787716.047286
File /Users/quanle/PythonWeb/mysite/env/lib/python3.6/site-packages/django/contrib/sessions/locale/sk/LC_MESSAGES/django.mo first seen with mtime 1582787716.046522
File /Users/quanle/PythonWeb/mysite/env/lib/python3.6/site-packages/django/contrib/sessions/locale/ur/LC_MESSAGES/django.mo first seen with mtime 1582787716.056858
File /Users/quanle/PythonWeb/mysite/env/lib/python3.6/site-packages/django/contrib/sessions/locale/sw/LC_MESSAGES/django.mo first seen with mtime 1582787716.051021
File /Users/quanle/PythonWeb/mysite/env/lib/python3.6/site-packages/django/contrib/sessions/locale/kab/LC_MESSAGES/django.mo first seen with mtime 1582787716.028777
File /Users/quanle/PythonWeb/mysite/env/lib/python3.6/site-packages/django/contrib/sessions/locale/uz/LC_MESSAGES/django.mo first seen with mtime 1582787716.057571
File /Users/quanle/PythonWeb/mysite/env/lib/python3.6/site-packages/django/contrib/sessions/locale/pl/LC_MESSAGES/django.mo first seen with mtime 1582787716.043112
File /Users/quanle/PythonWeb/mysite/env/lib/python3.6/site-packages/django/contrib/sessions/locale/vi/LC_MESSAGES/django.mo first seen with mtime 1582787716.058223
File /Users/quanle/PythonWeb/mysite/env/lib/python3.6/site-packages/django/contrib/sessions/locale/sq/LC_MESSAGES/django.mo first seen with mtime 1582787716.048285
File /Users/quanle/PythonWeb/mysite/env/lib/python3.6/site-packages/django/contrib/sessions/locale/sv/LC_MESSAGES/django.mo first seen with mtime 1582787716.050247
File /Users/quanle/PythonWeb/mysite/env/lib/python3.6/site-packages/django/contrib/sessions/locale/ga/LC_MESSAGES/django.mo first seen with mtime 1582787716.016462
File /Users/quanle/PythonWeb/mysite/env/lib/python3.6/site-packages/django/contrib/sessions/locale/he/LC_MESSAGES/django.mo first seen with mtime 1582787716.018758
File /Users/quanle/PythonWeb/mysite/env/lib/python3.6/site-packages/django/contrib/sessions/locale/km/LC_MESSAGES/django.mo first seen with mtime 1582787716.030461
File /Users/quanle/PythonWeb/mysite/env/lib/python3.6/site-packages/django/contrib/sessions/locale/udm/LC_MESSAGES/django.mo first seen with mtime 1582787716.055389
File /Users/quanle/PythonWeb/mysite/env/lib/python3.6/site-packages/django/contrib/sessions/locale/hy/LC_MESSAGES/django.mo first seen with mtime 1582787716.02232
File /Users/quanle/PythonWeb/mysite/env/lib/python3.6/site-packages/django/contrib/sessions/locale/nn/LC_MESSAGES/django.mo first seen with mtime 1582787716.0408
File /Users/quanle/PythonWeb/mysite/env/lib/python3.6/site-packages/django/contrib/sessions/locale/be/LC_MESSAGES/django.mo first seen with mtime 1582787715.995006
File /Users/quanle/PythonWeb/mysite/env/lib/python3.6/site-packages/django/contrib/sessions/locale/da/LC_MESSAGES/django.mo first seen with mtime 1582787716.001867
File /Users/quanle/PythonWeb/mysite/env/lib/python3.6/site-packages/django/contrib/sessions/locale/mr/LC_MESSAGES/django.mo first seen with mtime 1582787716.037369
File /Users/quanle/PythonWeb/mysite/env/lib/python3.6/site-packages/django/contrib/sessions/locale/kk/LC_MESSAGES/django.mo first seen with mtime 1582787716.029479
File /Users/quanle/PythonWeb/mysite/env/lib/python3.6/site-packages/django/contrib/sessions/locale/mn/LC_MESSAGES/django.mo first seen with mtime 1582787716.036629
File /Users/quanle/PythonWeb/mysite/env/lib/python3.6/site-packages/django/contrib/sessions/locale/pt_BR/LC_MESSAGES/django.mo first seen with mtime 1582787716.04447
File /Users/quanle/PythonWeb/mysite/env/lib/python3.6/site-packages/django/contrib/sessions/locale/es_CO/LC_MESSAGES/django.mo first seen with mtime 1582787716.009602
File /Users/quanle/PythonWeb/mysite/env/lib/python3.6/site-packages/django/contrib/sessions/locale/ja/LC_MESSAGES/django.mo first seen with mtime 1582787716.02719
File /Users/quanle/PythonWeb/mysite/env/lib/python3.6/site-packages/django/contrib/sessions/locale/el/LC_MESSAGES/django.mo first seen with mtime 1582787716.004431
File /Users/quanle/PythonWeb/mysite/env/lib/python3.6/site-packages/django/contrib/sessions/locale/lv/LC_MESSAGES/django.mo first seen with mtime 1582787716.034173
File /Users/quanle/PythonWeb/mysite/env/lib/python3.6/site-packages/django/contrib/sessions/locale/fy/LC_MESSAGES/django.mo first seen with mtime 1582787716.015772
File /Users/quanle/PythonWeb/mysite/env/lib/python3.6/site-packages/django/contrib/sessions/locale/lb/LC_MESSAGES/django.mo first seen with mtime 1582787716.032667
File /Users/quanle/PythonWeb/mysite/env/lib/python3.6/site-packages/django/contrib/sessions/locale/it/LC_MESSAGES/django.mo first seen with mtime 1582787716.026356
File /Users/quanle/PythonWeb/mysite/env/lib/python3.6/site-packages/django/contrib/sessions/locale/ca/LC_MESSAGES/django.mo first seen with mtime 1582787715.999249
File /Users/quanle/PythonWeb/mysite/env/lib/python3.6/site-packages/django/contrib/sessions/locale/is/LC_MESSAGES/django.mo first seen with mtime 1582787716.025614
File /Users/quanle/PythonWeb/mysite/env/lib/python3.6/site-packages/django/contrib/sessions/locale/cs/LC_MESSAGES/django.mo first seen with mtime 1582787716.000324
File /Users/quanle/PythonWeb/mysite/env/lib/python3.6/site-packages/django/contrib/sessions/locale/ia/LC_MESSAGES/django.mo first seen with mtime 1582787716.022997
File /Users/quanle/PythonWeb/mysite/env/lib/python3.6/site-packages/django/contrib/sessions/locale/io/LC_MESSAGES/django.mo first seen with mtime 1582787716.024509
File /Users/quanle/PythonWeb/mysite/env/lib/python3.6/site-packages/django/contrib/sessions/locale/te/LC_MESSAGES/django.mo first seen with mtime 1582787716.052628
File /Users/quanle/PythonWeb/mysite/env/lib/python3.6/site-packages/django/contrib/sessions/locale/zh_Hans/LC_MESSAGES/django.mo first seen with mtime 1582787716.059272
File /Users/quanle/PythonWeb/mysite/env/lib/python3.6/site-packages/django/contrib/sessions/locale/ru/LC_MESSAGES/django.mo first seen with mtime 1582787716.045871
File /Users/quanle/PythonWeb/mysite/env/lib/python3.6/site-packages/django/contrib/sessions/locale/zh_Hant/LC_MESSAGES/django.mo first seen with mtime 1582787716.059997
File /Users/quanle/PythonWeb/mysite/env/lib/python3.6/site-packages/django/contrib/sessions/locale/ro/LC_MESSAGES/django.mo first seen with mtime 1582787716.045227
File /Users/quanle/PythonWeb/mysite/env/lib/python3.6/site-packages/django/contrib/sessions/locale/hsb/LC_MESSAGES/django.mo first seen with mtime 1582787716.020968
File /Users/quanle/PythonWeb/mysite/env/lib/python3.6/site-packages/django/contrib/sessions/locale/pt/LC_MESSAGES/django.mo first seen with mtime 1582787716.043762
File /Users/quanle/PythonWeb/mysite/env/lib/python3.6/site-packages/django/contrib/sessions/locale/uk/LC_MESSAGES/django.mo first seen with mtime 1582787716.056172
File /Users/quanle/PythonWeb/mysite/env/lib/python3.6/site-packages/django/contrib/sessions/locale/sr/LC_MESSAGES/django.mo first seen with mtime 1582787716.048937
File /Users/quanle/PythonWeb/mysite/env/lib/python3.6/site-packages/django/contrib/sessions/locale/es_VE/LC_MESSAGES/django.mo first seen with mtime 1582787716.011059
File /Users/quanle/PythonWeb/mysite/env/lib/python3.6/site-packages/django/contrib/sessions/locale/en_AU/LC_MESSAGES/django.mo first seen with mtime 1582787716.006034
File /Users/quanle/PythonWeb/mysite/env/lib/python3.6/site-packages/django/contrib/sessions/locale/pa/LC_MESSAGES/django.mo first seen with mtime 1582787716.042442
File /Users/quanle/PythonWeb/mysite/env/lib/python3.6/site-packages/django/contrib/sessions/locale/en_GB/LC_MESSAGES/django.mo first seen with mtime 1582787716.006721
File /Users/quanle/PythonWeb/mysite/env/lib/python3.6/site-packages/django/contrib/sessions/locale/ml/LC_MESSAGES/django.mo first seen with mtime 1582787716.035528
File /Users/quanle/PythonWeb/mysite/env/lib/python3.6/site-packages/django/contrib/sessions/locale/es_MX/LC_MESSAGES/django.mo first seen with mtime 1582787716.010369
File /Users/quanle/PythonWeb/mysite/env/lib/python3.6/site-packages/django/contrib/sessions/locale/mk/LC_MESSAGES/django.mo first seen with mtime 1582787716.034863
File /Users/quanle/PythonWeb/mysite/env/lib/python3.6/site-packages/django/contrib/sessions/locale/kn/LC_MESSAGES/django.mo first seen with mtime 1582787716.031161
File /Users/quanle/PythonWeb/mysite/env/lib/python3.6/site-packages/django/contrib/sessions/locale/bs/LC_MESSAGES/django.mo first seen with mtime 1582787715.998102
File /Users/quanle/PythonWeb/mysite/env/lib/python3.6/site-packages/django/contrib/sessions/locale/my/LC_MESSAGES/django.mo first seen with mtime 1582787716.038055
File /Users/quanle/PythonWeb/mysite/env/lib/python3.6/site-packages/django/contrib/sessions/locale/ar/LC_MESSAGES/django.mo first seen with mtime 1582787715.992848
File /Users/quanle/PythonWeb/mysite/env/lib/python3.6/site-packages/django/contrib/sessions/locale/gl/LC_MESSAGES/django.mo first seen with mtime 1582787716.017922
File /Users/quanle/PythonWeb/mysite/env/lib/python3.6/site-packages/django/contrib/sessions/locale/hr/LC_MESSAGES/django.mo first seen with mtime 1582787716.020125
File /Users/quanle/PythonWeb/mysite/env/lib/python3.6/site-packages/django/contrib/sessions/locale/hu/LC_MESSAGES/django.mo first seen with mtime 1582787716.021645
File /Users/quanle/PythonWeb/mysite/env/lib/python3.6/site-packages/django/contrib/sessions/locale/nl/LC_MESSAGES/django.mo first seen with mtime 1582787716.040149
File /Users/quanle/PythonWeb/mysite/env/lib/python3.6/site-packages/django/contrib/sessions/locale/bg/LC_MESSAGES/django.mo first seen with mtime 1582787715.995946
File /Users/quanle/PythonWeb/mysite/env/lib/python3.6/site-packages/django/contrib/sessions/locale/bn/LC_MESSAGES/django.mo first seen with mtime 1582787715.996621
File /Users/quanle/PythonWeb/mysite/env/lib/python3.6/site-packages/django/contrib/sessions/locale/es_AR/LC_MESSAGES/django.mo first seen with mtime 1582787716.008966
File /Users/quanle/PythonWeb/mysite/env/lib/python3.6/site-packages/django/contrib/sessions/locale/ne/LC_MESSAGES/django.mo first seen with mtime 1582787716.039463
File /Users/quanle/PythonWeb/mysite/env/lib/python3.6/site-packages/django/contrib/sessions/locale/ast/LC_MESSAGES/django.mo first seen with mtime 1582787715.993657
File /Users/quanle/PythonWeb/mysite/env/lib/python3.6/site-packages/django/contrib/sessions/locale/af/LC_MESSAGES/django.mo first seen with mtime 1582787715.99199
File /Users/quanle/PythonWeb/mysite/env/lib/python3.6/site-packages/django/contrib/sessions/locale/nb/LC_MESSAGES/django.mo first seen with mtime 1582787716.038711
File /Users/quanle/PythonWeb/mysite/env/lib/python3.6/site-packages/django/contrib/sessions/locale/hi/LC_MESSAGES/django.mo first seen with mtime 1582787716.019439
File /Users/quanle/PythonWeb/mysite/env/lib/python3.6/site-packages/django/contrib/sessions/locale/ka/LC_MESSAGES/django.mo first seen with mtime 1582787716.028057
File /Users/quanle/PythonWeb/mysite/env/lib/python3.6/site-packages/django/contrib/sessions/locale/de/LC_MESSAGES/django.mo first seen with mtime 1582787716.002945
File /Users/quanle/PythonWeb/mysite/env/lib/python3.6/site-packages/django/contrib/sessions/locale/az/LC_MESSAGES/django.mo first seen with mtime 1582787715.994346
File /Users/quanle/PythonWeb/mysite/env/lib/python3.6/site-packages/django/contrib/sessions/locale/gd/LC_MESSAGES/django.mo first seen with mtime 1582787716.017147
File /Users/quanle/PythonWeb/mysite/env/lib/python3.6/site-packages/django/contrib/sessions/locale/br/LC_MESSAGES/django.mo first seen with mtime 1582787715.997297
File /Users/quanle/PythonWeb/mysite/env/lib/python3.6/site-packages/django/contrib/sessions/locale/ko/LC_MESSAGES/django.mo first seen with mtime 1582787716.031957
File /Users/quanle/PythonWeb/mysite/env/lib/python3.6/site-packages/django/contrib/sessions/locale/fi/LC_MESSAGES/django.mo first seen with mtime 1582787716.014259
File /Users/quanle/PythonWeb/mysite/env/lib/python3.6/site-packages/django/contrib/sessions/locale/sr_Latn/LC_MESSAGES/django.mo first seen with mtime 1582787716.049604
File /Users/quanle/PythonWeb/mysite/env/lib/python3.6/site-packages/django/contrib/sessions/locale/os/LC_MESSAGES/django.mo first seen with mtime 1582787716.041602
File /Users/quanle/PythonWeb/mysite/env/lib/python3.6/site-packages/django/contrib/sessions/locale/eo/LC_MESSAGES/django.mo first seen with mtime 1582787716.007554
File /Users/quanle/PythonWeb/mysite/env/lib/python3.6/site-packages/django/contrib/sessions/locale/id/LC_MESSAGES/django.mo first seen with mtime 1582787716.02378
File /Users/quanle/PythonWeb/mysite/env/lib/python3.6/site-packages/django/contrib/sessions/locale/fr/LC_MESSAGES/django.mo first seen with mtime 1582787716.015128
File /Users/quanle/PythonWeb/mysite/env/lib/python3.6/site-packages/django/contrib/sessions/locale/es/LC_MESSAGES/django.mo first seen with mtime 1582787716.008223
File /Users/quanle/PythonWeb/mysite/env/lib/python3.6/site-packages/django/contrib/sessions/locale/et/LC_MESSAGES/django.mo first seen with mtime 1582787716.011826
File /Users/quanle/PythonWeb/mysite/env/lib/python3.6/site-packages/django/contrib/sessions/locale/en/LC_MESSAGES/django.mo first seen with mtime 1582787716.005228
File /Users/quanle/PythonWeb/mysite/env/lib/python3.6/site-packages/django/contrib/sessions/locale/fa/LC_MESSAGES/django.mo first seen with mtime 1582787716.013193
File /Users/quanle/PythonWeb/mysite/env/lib/python3.6/site-packages/django/contrib/sessions/locale/lt/LC_MESSAGES/django.mo first seen with mtime 1582787716.03346
File /Users/quanle/PythonWeb/mysite/env/lib/python3.6/site-packages/django/contrib/sessions/locale/cy/LC_MESSAGES/django.mo first seen with mtime 1582787716.001216
File /Users/quanle/PythonWeb/mysite/env/lib/python3.6/site-packages/django/contrib/sessions/locale/eu/LC_MESSAGES/django.mo first seen with mtime 1582787716.012529
File /Users/quanle/PythonWeb/mysite/env/lib/python3.6/site-packages/django/contrib/sessions/locale/tt/LC_MESSAGES/django.mo first seen with mtime 1582787716.054714
File /Users/quanle/PythonWeb/mysite/env/lib/python3.6/site-packages/django/contrib/sessions/locale/dsb/LC_MESSAGES/django.mo first seen with mtime 1582787716.003674
File /Users/quanle/PythonWeb/mysite/env/lib/python3.6/site-packages/django/contrib/sessions/locale/ta/LC_MESSAGES/django.mo first seen with mtime 1582787716.051938
File /Users/quanle/PythonWeb/mysite/env/lib/python3.6/site-packages/django/contrib/sessions/locale/th/LC_MESSAGES/django.mo first seen with mtime 1582787716.053381
File /Users/quanle/PythonWeb/mysite/env/lib/python3.6/site-packages/django/contrib/sessions/locale/tr/LC_MESSAGES/django.mo first seen with mtime 1582787716.054052
(0.003) QUERY = 'SELECT "django_session"."session_key", "django_session"."session_data", "django_session"."expire_date" FROM "django_session" WHERE ("django_session"."expire_date" > %s AND "django_session"."session_key" = %s)' - PARAMS = (datetime.datetime(2020, 3, 3, 6, 33, 45, 519600), '1f8wfvxgtf3hfiq29lsuke5e4b4hzdjd'); args=(datetime.datetime(2020, 3, 3, 6, 33, 45, 519600), '1f8wfvxgtf3hfiq29lsuke5e4b4hzdjd')
Exception while resolving variable 'page_title' in template 'websiteManager/index.html'.
Traceback (most recent call last):
  File "/Users/quanle/PythonWeb/mysite/env/lib/python3.6/site-packages/django/template/base.py", line 829, in _resolve_lookup
    current = current[bit]
  File "/Users/quanle/PythonWeb/mysite/env/lib/python3.6/site-packages/django/template/context.py", line 83, in __getitem__
    raise KeyError(key)
KeyError: 'page_title'

During handling of the above exception, another exception occurred:

Traceback (most recent call last):
  File "/Users/quanle/PythonWeb/mysite/env/lib/python3.6/site-packages/django/template/base.py", line 835, in _resolve_lookup
    if isinstance(current, BaseContext) and getattr(type(current), bit):
AttributeError: type object 'RequestContext' has no attribute 'page_title'

During handling of the above exception, another exception occurred:

Traceback (most recent call last):
  File "/Users/quanle/PythonWeb/mysite/env/lib/python3.6/site-packages/django/template/base.py", line 843, in _resolve_lookup
    current = current[int(bit)]
ValueError: invalid literal for int() with base 10: 'page_title'

During handling of the above exception, another exception occurred:

Traceback (most recent call last):
  File "/Users/quanle/PythonWeb/mysite/env/lib/python3.6/site-packages/django/template/base.py", line 850, in _resolve_lookup
    (bit, current))  # missing attribute
django.template.base.VariableDoesNotExist: Failed lookup for key [page_title] in [{'True': True, 'False': False, 'None': None}, {'csrf_token': <SimpleLazyObject: <function csrf.<locals>._get_val at 0x10beb5620>>, 'request': <WSGIRequest: GET '/websites/'>, 'user': <SimpleLazyObject: <function AuthenticationMiddleware.process_request.<locals>.<lambda> at 0x10beb5158>>, 'perms': <django.contrib.auth.context_processors.PermWrapper object at 0x10bf8cb00>, 'messages': <django.contrib.messages.storage.fallback.FallbackStorage object at 0x10bf4b940>, 'DEFAULT_MESSAGE_LEVELS': {'DEBUG': 10, 'INFO': 20, 'SUCCESS': 25, 'WARNING': 30, 'ERROR': 40}}, {}, {}]
"GET /websites/ HTTP/1.1" 200 24499
"GET /static/js/domain.js?__v__=eed0368a-5d18-11ea-a0ba-784f437b9136 HTTP/1.1" 200 2208
(0.005) QUERY = 'SELECT "django_session"."session_key", "django_session"."session_data", "django_session"."expire_date" FROM "django_session" WHERE ("django_session"."expire_date" > %s AND "django_session"."session_key" = %s)' - PARAMS = (datetime.datetime(2020, 3, 3, 6, 33, 45, 994100), '1f8wfvxgtf3hfiq29lsuke5e4b4hzdjd'); args=(datetime.datetime(2020, 3, 3, 6, 33, 45, 994100), '1f8wfvxgtf3hfiq29lsuke5e4b4hzdjd')
(0.004) QUERY = 'SELECT COUNT(*) AS "__count" FROM "prosivions" WHERE ("prosivions"."account_id" = %s AND "prosivions"."deactive_flg" = %s)' - PARAMS = (1, 0); args=(1, 0)
(0.009) QUERY = 'SELECT "prosivions"."id", "prosivions"."account_id", "prosivions"."domain", "prosivions"."ip", "prosivions"."username", "prosivions"."provision_name", "prosivions"."app_id", "prosivions"."db_name", "prosivions"."db_user", "prosivions"."db_password", "prosivions"."email", "prosivions"."status", "prosivions"."deactive_flg", "prosivions"."created_date" FROM "prosivions" WHERE ("prosivions"."account_id" = %s AND "prosivions"."deactive_flg" = %s)' - PARAMS = (1, 0); args=(1, 0)
Exception while resolving variable 'space' in template 'websiteManager/list_website.html'.
Traceback (most recent call last):
  File "/Users/quanle/PythonWeb/mysite/env/lib/python3.6/site-packages/django/template/base.py", line 829, in _resolve_lookup
    current = current[bit]
TypeError: 'Provision' object is not subscriptable

During handling of the above exception, another exception occurred:

Traceback (most recent call last):
  File "/Users/quanle/PythonWeb/mysite/env/lib/python3.6/site-packages/django/template/base.py", line 837, in _resolve_lookup
    current = getattr(current, bit)
AttributeError: 'Provision' object has no attribute 'space'

During handling of the above exception, another exception occurred:

Traceback (most recent call last):
  File "/Users/quanle/PythonWeb/mysite/env/lib/python3.6/site-packages/django/template/base.py", line 843, in _resolve_lookup
    current = current[int(bit)]
ValueError: invalid literal for int() with base 10: 'space'

During handling of the above exception, another exception occurred:

Traceback (most recent call last):
  File "/Users/quanle/PythonWeb/mysite/env/lib/python3.6/site-packages/django/template/base.py", line 850, in _resolve_lookup
    (bit, current))  # missing attribute
django.template.base.VariableDoesNotExist: Failed lookup for key [space] in <Provision: conduong.com>
Exception while resolving variable 'space' in template 'websiteManager/list_website.html'.
Traceback (most recent call last):
  File "/Users/quanle/PythonWeb/mysite/env/lib/python3.6/site-packages/django/template/base.py", line 829, in _resolve_lookup
    current = current[bit]
TypeError: 'Provision' object is not subscriptable

During handling of the above exception, another exception occurred:

Traceback (most recent call last):
  File "/Users/quanle/PythonWeb/mysite/env/lib/python3.6/site-packages/django/template/base.py", line 837, in _resolve_lookup
    current = getattr(current, bit)
AttributeError: 'Provision' object has no attribute 'space'

During handling of the above exception, another exception occurred:

Traceback (most recent call last):
  File "/Users/quanle/PythonWeb/mysite/env/lib/python3.6/site-packages/django/template/base.py", line 843, in _resolve_lookup
    current = current[int(bit)]
ValueError: invalid literal for int() with base 10: 'space'

During handling of the above exception, another exception occurred:

Traceback (most recent call last):
  File "/Users/quanle/PythonWeb/mysite/env/lib/python3.6/site-packages/django/template/base.py", line 850, in _resolve_lookup
    (bit, current))  # missing attribute
django.template.base.VariableDoesNotExist: Failed lookup for key [space] in <Provision: maimai.com>
"POST /websites/listDomain/ HTTP/1.1" 200 2187
"GET /static/img/favicon.png HTTP/1.1" 200 1499
File /Users/quanle/PythonWeb/mysite/env/lib/python3.6/site-packages/django/templatetags/tz.py first seen with mtime 1582787716.254528
File /Users/quanle/PythonWeb/mysite/env/lib/python3.6/site-packages/django/contrib/auth/migrations/0011_update_proxy_permissions.py first seen with mtime 1582787715.50024
File /Users/quanle/PythonWeb/mysite/env/lib/python3.6/site-packages/django/middleware/common.py first seen with mtime 1582787716.242281
File /Users/quanle/PythonWeb/mysite/env/lib/python3.6/site-packages/django/contrib/sessions/migrations/__init__.py first seen with mtime 1582787716.061185
File /Users/quanle/PythonWeb/mysite/env/lib/python3.6/site-packages/django/contrib/messages/storage/cookie.py first seen with mtime 1582787715.841148
File /Users/quanle/PythonWeb/mysite/env/lib/python3.6/site-packages/django/contrib/admin/migrations/0001_initial.py first seen with mtime 1582787715.279623
File /Users/quanle/PythonWeb/mysite/GmoPanel/GmoPanel/wsgi.py first seen with mtime 1582857116.636592
File /Users/quanle/PythonWeb/mysite/env/lib/python3.6/site-packages/django/template/loaders/__init__.py first seen with mtime 1582787716.251104
File /Users/quanle/PythonWeb/mysite/env/lib/python3.6/site-packages/django/contrib/admin/views/main.py first seen with mtime 1582787715.340694
File /Users/quanle/PythonWeb/mysite/env/lib/python3.6/site-packages/django/templatetags/l10n.py first seen with mtime 1582787716.253917
File /Users/quanle/PythonWeb/mysite/env/lib/python3.6/site-packages/django/contrib/admin/templatetags/admin_list.py first seen with mtime 1582787715.337987
File /Users/quanle/PythonWeb/mysite/env/lib/python3.6/site-packages/django/contrib/auth/migrations/0007_alter_validators_add_error_messages.py first seen with mtime 1582787715.49912
File /Users/quanle/PythonWeb/mysite/env/lib/python3.6/site-packages/django/db/migrations/loader.py first seen with mtime 1582787716.197552
File /Users/quanle/PythonWeb/mysite/env/lib/python3.6/site-packages/django/contrib/staticfiles/templatetags/__init__.py first seen with mtime 1582787716.139013
File /Users/quanle/PythonWeb/mysite/env/lib/python3.6/site-packages/django/template/context_processors.py first seen with mtime 1582787716.245376
File /Users/quanle/PythonWeb/mysite/env/lib/python3.6/site-packages/django/middleware/security.py first seen with mtime 1582787716.243934
File /Users/quanle/PythonWeb/mysite/env/lib/python3.6/site-packages/django/contrib/messages/utils.py first seen with mtime 1582787715.839695
File /Users/quanle/PythonWeb/mysite/env/lib/python3.6/site-packages/django/contrib/auth/backends.py first seen with mtime 1582787715.416912
File /Users/quanle/PythonWeb/mysite/GmoPanel/loginSys/migrations/__init__.py first seen with mtime 1582858466.683072
File /Users/quanle/PythonWeb/mysite/env/lib/python3.6/site-packages/django/contrib/admin/templatetags/admin_static.py first seen with mtime 1582787715.338626
File /Users/quanle/PythonWeb/mysite/env/lib/python3.6/site-packages/django/template/loaders/app_directories.py first seen with mtime 1582787716.251383
File /Users/quanle/PythonWeb/mysite/GmoPanel/websiteManager/migrations/__init__.py first seen with mtime 1583132341.7005284
File /Users/quanle/PythonWeb/mysite/env/lib/python3.6/site-packages/django/middleware/clickjacking.py first seen with mtime 1582787716.241974
File /Users/quanle/PythonWeb/mysite/env/lib/python3.6/site-packages/django/contrib/messages/storage/session.py first seen with mtime 1582787715.841791
File /Users/quanle/PythonWeb/mysite/env/lib/python3.6/site-packages/django/conf/locale/en/__init__.py first seen with mtime 1582787715.001352
File /Users/quanle/PythonWeb/mysite/env/lib/python3.6/site-packages/django/contrib/sessions/migrations/0001_initial.py first seen with mtime 1582787716.061004
File /Users/quanle/PythonWeb/mysite/env/lib/python3.6/site-packages/django/db/migrations/executor.py first seen with mtime 1582787716.196653
File /Users/quanle/PythonWeb/mysite/env/lib/python3.6/site-packages/django/contrib/auth/migrations/0010_alter_group_name_max_length.py first seen with mtime 1582787715.499951
File /Users/quanle/PythonWeb/mysite/env/lib/python3.6/site-packages/django/db/migrations/recorder.py first seen with mtime 1582787716.198953
File /Users/quanle/PythonWeb/mysite/env/lib/python3.6/site-packages/django/template/loaders/filesystem.py first seen with mtime 1582787716.252479
File /Users/quanle/PythonWeb/mysite/env/lib/python3.6/site-packages/django/contrib/auth/migrations/0004_alter_user_username_opts.py first seen with mtime 1582787715.498186
File /Users/quanle/PythonWeb/mysite/GmoPanel/loginSys/templatetags/common_tag.py first seen with mtime 1583131043.4703834
File /Users/quanle/PythonWeb/mysite/env/lib/python3.6/site-packages/django/db/models/sql/compiler.py first seen with mtime 1582787716.215212
File /Users/quanle/PythonWeb/mysite/env/lib/python3.6/site-packages/django/contrib/auth/migrations/__init__.py first seen with mtime 1582787715.500418
File /Users/quanle/PythonWeb/mysite/env/lib/python3.6/site-packages/django/contrib/staticfiles/templatetags/staticfiles.py first seen with mtime 1582787716.139297
File /Users/quanle/PythonWeb/mysite/env/lib/python3.6/site-packages/django/contrib/sessions/serializers.py first seen with mtime 1582787715.989126
File /Users/quanle/PythonWeb/mysite/env/lib/python3.6/site-packages/django/contrib/admin/migrations/0002_logentry_remove_auto_add.py first seen with mtime 1582787715.279906
File /Users/quanle/PythonWeb/mysite/env/lib/python3.6/site-packages/django/contrib/admin/templatetags/admin_modify.py first seen with mtime 1582787715.338279
File /Users/quanle/PythonWeb/mysite/env/lib/python3.6/site-packages/django/contrib/staticfiles/storage.py first seen with mtime 1582787716.136087
File /Users/quanle/PythonWeb/mysite/env/lib/python3.6/site-packages/django/contrib/admin/templatetags/base.py first seen with mtime 1582787715.339201
File /Users/quanle/PythonWeb/mysite/env/lib/python3.6/site-packages/django/contrib/admin/migrations/__init__.py first seen with mtime 1582787715.280476
File /Users/quanle/PythonWeb/mysite/env/lib/python3.6/site-packages/django/contrib/messages/context_processors.py first seen with mtime 1582787715.839056
File /Users/quanle/PythonWeb/mysite/env/lib/python3.6/site-packages/django/contrib/auth/migrations/0005_alter_user_last_login_null.py first seen with mtime 1582787715.49847
File /Users/quanle/PythonWeb/mysite/env/lib/python3.6/site-packages/django/contrib/sessions/backends/__init__.py first seen with mtime 1582787715.989349
File /Users/quanle/PythonWeb/mysite/env/lib/python3.6/site-packages/django/contrib/auth/migrations/0001_initial.py first seen with mtime 1582787715.497272
File /Users/quanle/PythonWeb/mysite/env/lib/python3.6/site-packages/django/contrib/auth/migrations/0008_alter_user_username_max_length.py first seen with mtime 1582787715.499401
File /Users/quanle/PythonWeb/mysite/env/lib/python3.6/site-packages/django/contrib/sessions/middleware.py first seen with mtime 1582787715.988412
File /Users/quanle/PythonWeb/mysite/env/lib/python3.6/site-packages/django/contrib/sessions/backends/base.py first seen with mtime 1582787715.989686
File /Users/quanle/PythonWeb/mysite/env/lib/python3.6/site-packages/django/contrib/contenttypes/migrations/0002_remove_content_type_name.py first seen with mtime 1582787715.568825
File /Users/quanle/PythonWeb/mysite/env/lib/python3.6/site-packages/django/template/loaders/base.py first seen with mtime 1582787716.251655
File /Users/quanle/PythonWeb/mysite/GmoPanel/loginSys/migrations/0001_initial.py first seen with mtime 1583202581.0237956
File /Users/quanle/PythonWeb/mysite/env/lib/python3.6/site-packages/django/contrib/auth/migrations/0009_alter_user_last_name_max_length.py first seen with mtime 1582787715.499682
File /Users/quanle/PythonWeb/mysite/env/lib/python3.6/site-packages/django/contrib/messages/storage/fallback.py first seen with mtime 1582787715.841482
File /Users/quanle/PythonWeb/mysite/env/lib/python3.6/site-packages/django/contrib/sessions/backends/db.py first seen with mtime 1582787715.990598
File /Users/quanle/PythonWeb/mysite/env/lib/python3.6/site-packages/django/contrib/messages/storage/base.py first seen with mtime 1582787715.840686
File /Users/quanle/PythonWeb/mysite/env/lib/python3.6/site-packages/django/contrib/auth/migrations/0002_alter_permission_name_max_length.py first seen with mtime 1582787715.497587
File /Users/quanle/PythonWeb/mysite/env/lib/python3.6/site-packages/django/contrib/auth/middleware.py first seen with mtime 1582787715.419774
File /Users/quanle/PythonWeb/mysite/env/lib/python3.6/site-packages/django/templatetags/cache.py first seen with mtime 1582787716.25326
File /Users/quanle/PythonWeb/mysite/env/lib/python3.6/site-packages/django/contrib/auth/migrations/0003_alter_user_email_max_length.py first seen with mtime 1582787715.497889
File /Users/quanle/PythonWeb/mysite/GmoPanel/websiteManager/templatetags/common_web_tag.py first seen with mtime 1583137781.340018
File /Users/quanle/PythonWeb/mysite/env/lib/python3.6/site-packages/django/conf/locale/en/formats.py first seen with mtime 1582787715.001705
File /Users/quanle/PythonWeb/mysite/env/lib/python3.6/site-packages/django/core/cache/utils.py first seen with mtime 1582787716.143079
File /Users/quanle/PythonWeb/mysite/env/lib/python3.6/site-packages/django/conf/urls/__init__.py first seen with mtime 1582787715.117515
File /Users/quanle/PythonWeb/mysite/env/lib/python3.6/site-packages/django/contrib/admin/templatetags/log.py first seen with mtime 1582787715.339491
File /Users/quanle/PythonWeb/mysite/env/lib/python3.6/site-packages/django/contrib/auth/migrations/0006_require_contenttypes_0002.py first seen with mtime 1582787715.498847
File /Users/quanle/PythonWeb/mysite/GmoPanel/loginSys/templatetags/__init__.py first seen with mtime 1582858466.676
File /Users/quanle/PythonWeb/mysite/env/lib/python3.6/site-packages/django/views/defaults.py first seen with mtime 1582787716.278086
File /Users/quanle/PythonWeb/mysite/env/lib/python3.6/site-packages/django/contrib/contenttypes/migrations/__init__.py first seen with mtime 1582787715.569004
File /Users/quanle/PythonWeb/mysite/env/lib/python3.6/site-packages/django/db/migrations/graph.py first seen with mtime 1582787716.197008
File /Users/quanle/PythonWeb/mysite/env/lib/python3.6/site-packages/django/contrib/auth/context_processors.py first seen with mtime 1582787715.418435
File /Users/quanle/PythonWeb/mysite/env/lib/python3.6/site-packages/django/contrib/admin/migrations/0003_logentry_add_action_flag_choices.py first seen with mtime 1582787715.280184
File /Users/quanle/PythonWeb/mysite/GmoPanel/websiteManager/templatetags/__init__.py first seen with mtime 1582858466.676
File /Users/quanle/PythonWeb/mysite/env/lib/python3.6/site-packages/django/contrib/messages/middleware.py first seen with mtime 1582787715.839391
File /Users/quanle/PythonWeb/mysite/env/lib/python3.6/site-packages/django/contrib/contenttypes/migrations/0001_initial.py first seen with mtime 1582787715.568511
File /Users/quanle/PythonWeb/mysite/env/lib/python3.6/site-packages/django/contrib/sessions/exceptions.py first seen with mtime 1582787715.988113
File /Users/quanle/PythonWeb/mysite/GmoPanel/websiteManager/migrations/0001_initial.py first seen with mtime 1583202581.0254428
File /Users/quanle/PythonWeb/mysite/GmoPanel/GmoPanel/settings.py previous mtime: 1583217216.2751408, current mtime: 1583217235.3478568
/Users/quanle/PythonWeb/mysite/GmoPanel/GmoPanel/settings.py notified as changed. Signal results: [(<function translation_file_changed at 0x10bb07840>, None)].
/Users/quanle/PythonWeb/mysite/GmoPanel/GmoPanel/settings.py changed, reloading.
